<?xml version="1.0" encoding="UTF-8"?>
<!-- Generated by org.testng.reporters.JUnitXMLReporter -->
<testsuite ignored="0" hostname="Mac" failures="0" tests="5" name="Default test" time="16.887" errors="0" timestamp="2025-12-30T14:33:59 EST">
  <testcase classname="testCases.TC02_Login" name="testLogin" time="3.098"/>
  <testcase classname="testCases.TC02_Login" name="testLogin" time="1.26"/>
  <testcase classname="testCases.TC02_Login" name="testLogin" time="0.919"/>
  <testcase classname="testCases.TC02_Login" name="testLogin" time="0.889"/>
  <testcase classname="testCases.TC02_Login" name="testLogin" time="0.826"/>
</testsuite> <!-- Default test -->
