<?xml version="1.0" encoding="UTF-8"?>
<!-- Generated by org.testng.reporters.JUnitXMLReporter -->
<testsuite ignored="0" hostname="Juliennes-MacBook-Air.local" failures="0" tests="10" name="edgetest" time="132.615" errors="0" timestamp="2026-01-05T13:08:03 EST">
  <testcase classname="testCases.TC01_LaunchApplication" name="testLauchApplication" time="0.026"/>
  <testcase classname="testCases.TC03_AddToCart" name="testAddtoCart" time="4.044"/>
  <testcase classname="testCases.TC05_AddToWishList" name="testAddToWishList" time="5.339"/>
  <testcase classname="testCases.TC06_AddAffiliate" name="testAddAffiliate" time="3.68"/>
  <testcase classname="testCases.TC02_Login" name="testLogin" time="13.963"/>
  <testcase classname="testCases.TC02_Login" name="testLogin" time="0.917"/>
  <testcase classname="testCases.TC02_Login" name="testLogin" time="0.847"/>
  <testcase classname="testCases.TC02_Login" name="testLogin" time="0.861"/>
  <testcase classname="testCases.TC02_Login" name="testLogin" time="0.886"/>
  <testcase classname="testCases.TC04_CompletePurchase" name="testCompletePurchase" time="8.284"/>
</testsuite> <!-- edgetest -->
