<?xml version="1.0" encoding="UTF-8"?>
<!-- Generated by org.testng.reporters.JUnitXMLReporter -->
<testsuite ignored="0" hostname="Juliennes-MacBook-Air.local" failures="0" tests="10" name="firefoxtest" time="50.071" errors="0" timestamp="2026-01-05T13:06:41 EST">
  <testcase classname="testCases.TC01_LaunchApplication" name="testLauchApplication" time="0.051"/>
  <testcase classname="testCases.TC03_AddToCart" name="testAddtoCart" time="2.134"/>
  <testcase classname="testCases.TC05_AddToWishList" name="testAddToWishList" time="3.157"/>
  <testcase classname="testCases.TC06_AddAffiliate" name="testAddAffiliate" time="2.272"/>
  <testcase classname="testCases.TC02_Login" name="testLogin" time="1.326"/>
  <testcase classname="testCases.TC02_Login" name="testLogin" time="0.889"/>
  <testcase classname="testCases.TC02_Login" name="testLogin" time="0.94"/>
  <testcase classname="testCases.TC02_Login" name="testLogin" time="0.912"/>
  <testcase classname="testCases.TC02_Login" name="testLogin" time="1.008"/>
  <testcase classname="testCases.TC04_CompletePurchase" name="testCompletePurchase" time="6.385"/>
</testsuite> <!-- firefoxtest -->
