<?xml version="1.0" encoding="UTF-8"?>
<!-- Generated by org.testng.reporters.JUnitXMLReporter -->
<testsuite ignored="0" hostname="Mac" failures="0" tests="10" name="Test" time="78.529" errors="0" timestamp="2025-12-30T15:09:39 EST">
  <testcase classname="testCases.TC01_LaunchApplication" name="testLauchApplication" time="0.16"/>
  <testcase classname="testCases.TC03_AddToCart" name="testAddtoCart" time="3.883"/>
  <testcase classname="testCases.TC05_AddToWishList" name="testAddToWishList" time="5.879"/>
  <testcase classname="testCases.TC06_AddAffiliate" name="testAddAffiliate" time="4.623"/>
  <testcase classname="testCases.TC02_Login" name="testLogin" time="3.15"/>
  <testcase classname="testCases.TC02_Login" name="testLogin" time="1.343"/>
  <testcase classname="testCases.TC02_Login" name="testLogin" time="0.89"/>
  <testcase classname="testCases.TC02_Login" name="testLogin" time="0.911"/>
  <testcase classname="testCases.TC02_Login" name="testLogin" time="0.829"/>
  <testcase classname="testCases.TC04_CompletePurchase" name="testCompletePurchase" time="8.988"/>
</testsuite> <!-- Test -->
