<?xml version="1.0" encoding="UTF-8"?>
<!-- Generated by org.testng.reporters.JUnitXMLReporter -->
<testsuite ignored="0" hostname="Juliennes-MacBook-Air.local" failures="0" tests="10" name="chrometest" time="35.619" errors="0" timestamp="2026-01-06T18:48:16 EST">
  <testcase classname="testCases.TC01_LaunchApplication" name="testLauchApplication" time="0.009"/>
  <testcase classname="testCases.TC03_AddToCart" name="testAddtoCart" time="2.047"/>
  <testcase classname="testCases.TC05_AddToWishList" name="testAddToWishList" time="2.908"/>
  <testcase classname="testCases.TC06_AddAffiliate" name="testAddAffiliate" time="2.006"/>
  <testcase classname="testCases.TC02_Login" name="testLogin" time="1.073"/>
  <testcase classname="testCases.TC02_Login" name="testLogin" time="0.82"/>
  <testcase classname="testCases.TC02_Login" name="testLogin" time="0.766"/>
  <testcase classname="testCases.TC02_Login" name="testLogin" time="0.741"/>
  <testcase classname="testCases.TC02_Login" name="testLogin" time="0.765"/>
  <testcase classname="testCases.TC04_CompletePurchase" name="testCompletePurchase" time="6.251"/>
</testsuite> <!-- chrometest -->
