<?xml version="1.0" encoding="UTF-8"?>
<!-- Generated by org.testng.reporters.JUnitXMLReporter -->
<testsuite ignored="0" hostname="Juliennes-MacBook-Air.local" failures="0" tests="10" name="edgetest" time="74.333" errors="0" timestamp="2026-01-06T18:48:55 EST">
  <testcase classname="testCases.TC01_LaunchApplication" name="testLauchApplication" time="0.004"/>
  <testcase classname="testCases.TC03_AddToCart" name="testAddtoCart" time="2.227"/>
  <testcase classname="testCases.TC05_AddToWishList" name="testAddToWishList" time="3.01"/>
  <testcase classname="testCases.TC06_AddAffiliate" name="testAddAffiliate" time="2.06"/>
  <testcase classname="testCases.TC02_Login" name="testLogin" time="1.077"/>
  <testcase classname="testCases.TC02_Login" name="testLogin" time="0.781"/>
  <testcase classname="testCases.TC02_Login" name="testLogin" time="0.764"/>
  <testcase classname="testCases.TC02_Login" name="testLogin" time="0.753"/>
  <testcase classname="testCases.TC02_Login" name="testLogin" time="0.911"/>
  <testcase classname="testCases.TC04_CompletePurchase" name="testCompletePurchase" time="5.984"/>
</testsuite> <!-- edgetest -->
