<?xml version="1.0" encoding="UTF-8"?>
<!-- Generated by org.testng.reporters.JUnitXMLReporter -->
<testsuite ignored="0" hostname="Juliennes-MacBook-Air.local" failures="0" tests="10" name="firefoxtest" time="36.015" errors="0" timestamp="2026-01-06T18:48:16 EST">
  <testcase classname="testCases.TC01_LaunchApplication" name="testLauchApplication" time="0.019"/>
  <testcase classname="testCases.TC03_AddToCart" name="testAddtoCart" time="1.912"/>
  <testcase classname="testCases.TC05_AddToWishList" name="testAddToWishList" time="2.716"/>
  <testcase classname="testCases.TC06_AddAffiliate" name="testAddAffiliate" time="1.866"/>
  <testcase classname="testCases.TC02_Login" name="testLogin" time="0.951"/>
  <testcase classname="testCases.TC02_Login" name="testLogin" time="0.751"/>
  <testcase classname="testCases.TC02_Login" name="testLogin" time="0.755"/>
  <testcase classname="testCases.TC02_Login" name="testLogin" time="0.765"/>
  <testcase classname="testCases.TC02_Login" name="testLogin" time="0.769"/>
  <testcase classname="testCases.TC04_CompletePurchase" name="testCompletePurchase" time="5.897"/>
</testsuite> <!-- firefoxtest -->
