<?xml version="1.0" encoding="UTF-8"?>
<testsuite xmlns:xsi="http://www.w3.org/2001/XMLSchema-instance" xsi:noNamespaceSchemaLocation="https://maven.apache.org/surefire/maven-surefire-plugin/xsd/surefire-test-report.xsd" version="3.0.2" name="TestSuite" time="74.634" tests="30" errors="0" skipped="0" failures="0">
  <properties>
[...]
</properties>
  <testcase name="testLauchApplication" classname="testCases.TC01_LaunchApplication" time="0.021">
    <system-err><![CDATA[2026-01-06T23:47:40.861945Z main INFO Starting configuration XmlConfiguration[location=/Users/juliennemckee/Workspace/December2025/NinjaV6/target/test-classes/log4j2.xml, lastModified=2026-01-06T23:47:39.992Z]...
2026-01-06T23:47:40.862386Z main INFO Configuration XmlConfiguration[location=/Users/juliennemckee/Workspace/December2025/NinjaV6/target/test-classes/log4j2.xml, lastModified=2026-01-06T23:47:39.992Z] started.
2026-01-06T23:47:40.863363Z main INFO Stopping configuration org.apache.logging.log4j.core.config.DefaultConfiguration@1534f01b...
2026-01-06T23:47:40.863547Z main INFO Configuration org.apache.logging.log4j.core.config.DefaultConfiguration@1534f01b stopped.
Jan 06, 2026 6:47:41 PM org.openqa.selenium.remote.tracing.opentelemetry.OpenTelemetryTracer createTracer
INFO: Using OpenTelemetry for tracing
]]></system-err>
  </testcase>
  <testcase name="testLauchApplication" classname="testCases.TC01_LaunchApplication" time="0.01"/>
  <testcase name="testLauchApplication" classname="testCases.TC01_LaunchApplication" time="0.005"/>
  <testcase name="testAddtoCart" classname="testCases.TC03_AddToCart" time="1.014"/>
  <testcase name="testAddtoCart" classname="testCases.TC03_AddToCart" time="2.047"/>
  <testcase name="testAddtoCart" classname="testCases.TC03_AddToCart" time="2.227"/>
  <testcase name="testAddToWishList" classname="testCases.TC05_AddToWishList" time="2.313"/>
  <testcase name="testAddToWishList" classname="testCases.TC05_AddToWishList" time="2.909"/>
  <testcase name="testAddToWishList" classname="testCases.TC05_AddToWishList" time="3.011"/>
  <testcase name="testAddAffiliate" classname="testCases.TC06_AddAffiliate" time="1.645"/>
  <testcase name="testAddAffiliate" classname="testCases.TC06_AddAffiliate" time="2.006"/>
  <testcase name="testAddAffiliate" classname="testCases.TC06_AddAffiliate" time="2.06"/>
  <testcase name="testLogin[smitasharma.qa@gmail.com, ss*QA123](1)" classname="testCases.TC02_Login" time="0.947"/>
  <testcase name="testLogin[smitasharma.qa@gmail.com, ss*QA123](1)" classname="testCases.TC02_Login" time="0.125"/>
  <testcase name="testLogin[smitasharma.qa@gmail.com, ss*QA123](1)" classname="testCases.TC02_Login" time="1.077"/>
  <testcase name="testLogin[nona@yahoo.com, QWER!@#$](2)" classname="testCases.TC02_Login" time="0.624"/>
  <testcase name="testLogin[nona@yahoo.com, QWER!@#$](2)" classname="testCases.TC02_Login" time="0.194"/>
  <testcase name="testLogin[nona@yahoo.com, QWER!@#$](2)" classname="testCases.TC02_Login" time="0.782"/>
  <testcase name="testLogin[sid@cloudberry.services, Test123](3)" classname="testCases.TC02_Login" time="0.562"/>
  <testcase name="testLogin[sid@cloudberry.services, Test123](3)" classname="testCases.TC02_Login" time="0.205"/>
  <testcase name="testLogin[sid@cloudberry.services, Test123](3)" classname="testCases.TC02_Login" time="0.765"/>
  <testcase name="testLogin[apushedwoman@gmail.com, password123](4)" classname="testCases.TC02_Login" time="0.561"/>
  <testcase name="testLogin[apushedwoman@gmail.com, password123](4)" classname="testCases.TC02_Login" time="0.18"/>
  <testcase name="testLogin[apushedwoman@gmail.com, password123](4)" classname="testCases.TC02_Login" time="0.754"/>
  <testcase name="testLogin[hichamkhachiai@gmail.com, hicham123](5)" classname="testCases.TC02_Login" time="0.589"/>
  <testcase name="testLogin[hichamkhachiai@gmail.com, hicham123](5)" classname="testCases.TC02_Login" time="0.765"/>
  <testcase name="testLogin[hichamkhachiai@gmail.com, hicham123](5)" classname="testCases.TC02_Login" time="0.911"/>
  <testcase name="testCompletePurchase" classname="testCases.TC04_CompletePurchase" time="5.775"/>
  <testcase name="testCompletePurchase" classname="testCases.TC04_CompletePurchase" time="5.898"/>
  <testcase name="testCompletePurchase" classname="testCases.TC04_CompletePurchase" time="5.983"/>
</testsuite>