<?xml version="1.0" encoding="UTF-8"?>
<testng-results ignored="0" total="30" passed="30" failed="0" skipped="0">
  <reporter-output>
  </reporter-output>
  <suite started-at="2026-01-06T18:47:40 EST" name="Suite" finished-at="2026-01-06T18:48:55 EST" duration-ms="74333">
    <groups>
      <group name="datadriven">
        <method signature="TC02_Login.testLogin(java.lang.String,java.lang.String)[pri:0, instance:testCases.TC02_Login@13ad5cd3]" name="testLogin" class="testCases.TC02_Login"/>
        <method signature="TC02_Login.testLogin(java.lang.String,java.lang.String)[pri:0, instance:testCases.TC02_Login@39a2bb97]" name="testLogin" class="testCases.TC02_Login"/>
        <method signature="TC02_Login.testLogin(java.lang.String,java.lang.String)[pri:0, instance:testCases.TC02_Login@5bf8fa12]" name="testLogin" class="testCases.TC02_Login"/>
      </group> <!-- datadriven -->
      <group name="regression">
        <method signature="TC01_LaunchApplication.testLauchApplication()[pri:0, instance:testCases.TC01_LaunchApplication@1603cd68]" name="testLauchApplication" class="testCases.TC01_LaunchApplication"/>
        <method signature="TC02_Login.testLogin(java.lang.String,java.lang.String)[pri:0, instance:testCases.TC02_Login@13ad5cd3]" name="testLogin" class="testCases.TC02_Login"/>
        <method signature="TC03_AddToCart.testAddtoCart()[pri:0, instance:testCases.TC03_AddToCart@332796d3]" name="testAddtoCart" class="testCases.TC03_AddToCart"/>
        <method signature="TC04_CompletePurchase.testCompletePurchase()[pri:0, instance:testCases.TC04_CompletePurchase@1c33c17b]" name="testCompletePurchase" class="testCases.TC04_CompletePurchase"/>
        <method signature="TC05_AddToWishList.testAddToWishList()[pri:0, instance:testCases.TC05_AddToWishList@4f0100a7]" name="testAddToWishList" class="testCases.TC05_AddToWishList"/>
        <method signature="TC06_AddAffiliate.testAddAffiliate()[pri:0, instance:testCases.TC06_AddAffiliate@3cdf2c61]" name="testAddAffiliate" class="testCases.TC06_AddAffiliate"/>
        <method signature="TC01_LaunchApplication.testLauchApplication()[pri:0, instance:testCases.TC01_LaunchApplication@1b84f475]" name="testLauchApplication" class="testCases.TC01_LaunchApplication"/>
        <method signature="TC02_Login.testLogin(java.lang.String,java.lang.String)[pri:0, instance:testCases.TC02_Login@39a2bb97]" name="testLogin" class="testCases.TC02_Login"/>
        <method signature="TC03_AddToCart.testAddtoCart()[pri:0, instance:testCases.TC03_AddToCart@7749bf93]" name="testAddtoCart" class="testCases.TC03_AddToCart"/>
        <method signature="TC04_CompletePurchase.testCompletePurchase()[pri:0, instance:testCases.TC04_CompletePurchase@3ad2e17]" name="testCompletePurchase" class="testCases.TC04_CompletePurchase"/>
        <method signature="TC05_AddToWishList.testAddToWishList()[pri:0, instance:testCases.TC05_AddToWishList@13330ac6]" name="testAddToWishList" class="testCases.TC05_AddToWishList"/>
        <method signature="TC06_AddAffiliate.testAddAffiliate()[pri:0, instance:testCases.TC06_AddAffiliate@539d019]" name="testAddAffiliate" class="testCases.TC06_AddAffiliate"/>
        <method signature="TC01_LaunchApplication.testLauchApplication()[pri:0, instance:testCases.TC01_LaunchApplication@4331d187]" name="testLauchApplication" class="testCases.TC01_LaunchApplication"/>
        <method signature="TC02_Login.testLogin(java.lang.String,java.lang.String)[pri:0, instance:testCases.TC02_Login@5bf8fa12]" name="testLogin" class="testCases.TC02_Login"/>
        <method signature="TC03_AddToCart.testAddtoCart()[pri:0, instance:testCases.TC03_AddToCart@6f63b475]" name="testAddtoCart" class="testCases.TC03_AddToCart"/>
        <method signature="TC04_CompletePurchase.testCompletePurchase()[pri:0, instance:testCases.TC04_CompletePurchase@29ca3d04]" name="testCompletePurchase" class="testCases.TC04_CompletePurchase"/>
        <method signature="TC05_AddToWishList.testAddToWishList()[pri:0, instance:testCases.TC05_AddToWishList@554e218]" name="testAddToWishList" class="testCases.TC05_AddToWishList"/>
        <method signature="TC06_AddAffiliate.testAddAffiliate()[pri:0, instance:testCases.TC06_AddAffiliate@1608bcbd]" name="testAddAffiliate" class="testCases.TC06_AddAffiliate"/>
      </group> <!-- regression -->
      <group name="sanity">
        <method signature="TC01_LaunchApplication.testLauchApplication()[pri:0, instance:testCases.TC01_LaunchApplication@1603cd68]" name="testLauchApplication" class="testCases.TC01_LaunchApplication"/>
        <method signature="TC02_Login.testLogin(java.lang.String,java.lang.String)[pri:0, instance:testCases.TC02_Login@13ad5cd3]" name="testLogin" class="testCases.TC02_Login"/>
        <method signature="TC03_AddToCart.testAddtoCart()[pri:0, instance:testCases.TC03_AddToCart@332796d3]" name="testAddtoCart" class="testCases.TC03_AddToCart"/>
        <method signature="TC04_CompletePurchase.testCompletePurchase()[pri:0, instance:testCases.TC04_CompletePurchase@1c33c17b]" name="testCompletePurchase" class="testCases.TC04_CompletePurchase"/>
        <method signature="TC01_LaunchApplication.testLauchApplication()[pri:0, instance:testCases.TC01_LaunchApplication@1b84f475]" name="testLauchApplication" class="testCases.TC01_LaunchApplication"/>
        <method signature="TC02_Login.testLogin(java.lang.String,java.lang.String)[pri:0, instance:testCases.TC02_Login@39a2bb97]" name="testLogin" class="testCases.TC02_Login"/>
        <method signature="TC03_AddToCart.testAddtoCart()[pri:0, instance:testCases.TC03_AddToCart@7749bf93]" name="testAddtoCart" class="testCases.TC03_AddToCart"/>
        <method signature="TC04_CompletePurchase.testCompletePurchase()[pri:0, instance:testCases.TC04_CompletePurchase@3ad2e17]" name="testCompletePurchase" class="testCases.TC04_CompletePurchase"/>
        <method signature="TC01_LaunchApplication.testLauchApplication()[pri:0, instance:testCases.TC01_LaunchApplication@4331d187]" name="testLauchApplication" class="testCases.TC01_LaunchApplication"/>
        <method signature="TC02_Login.testLogin(java.lang.String,java.lang.String)[pri:0, instance:testCases.TC02_Login@5bf8fa12]" name="testLogin" class="testCases.TC02_Login"/>
        <method signature="TC03_AddToCart.testAddtoCart()[pri:0, instance:testCases.TC03_AddToCart@6f63b475]" name="testAddtoCart" class="testCases.TC03_AddToCart"/>
        <method signature="TC04_CompletePurchase.testCompletePurchase()[pri:0, instance:testCases.TC04_CompletePurchase@29ca3d04]" name="testCompletePurchase" class="testCases.TC04_CompletePurchase"/>
      </group> <!-- sanity -->
    </groups>
    <test started-at="2026-01-06T18:47:40 EST" name="chrometest" finished-at="2026-01-06T18:48:16 EST" duration-ms="35619">
      <class name="testCases.TC02_Login">
        <test-method is-config="true" signature="openApp(java.lang.String,java.lang.String)[pri:0, instance:testCases.TC02_Login@13ad5cd3]" started-at="2026-01-06T18:48:00 EST" name="openApp" finished-at="2026-01-06T18:48:03 EST" duration-ms="2481" status="PASS">
          <params>
            <param index="0">
              <value>
                <![CDATA[mac]]>
              </value>
            </param>
            <param index="1">
              <value>
                <![CDATA[chrome]]>
              </value>
            </param>
          </params>
          <reporter-output>
          </reporter-output>
        </test-method> <!-- openApp -->
        <test-method signature="testLogin(java.lang.String,java.lang.String)[pri:0, instance:testCases.TC02_Login@13ad5cd3]" started-at="2026-01-06T18:48:03 EST" name="testLogin" data-provider="LoginData" finished-at="2026-01-06T18:48:04 EST" duration-ms="1073" status="PASS">
          <params>
            <param index="0">
              <value>
                <![CDATA[smitasharma.qa@gmail.com]]>
              </value>
            </param>
            <param index="1">
              <value>
                <![CDATA[ss*QA123]]>
              </value>
            </param>
          </params>
          <reporter-output>
          </reporter-output>
        </test-method> <!-- testLogin -->
        <test-method signature="testLogin(java.lang.String,java.lang.String)[pri:0, instance:testCases.TC02_Login@13ad5cd3]" started-at="2026-01-06T18:48:04 EST" name="testLogin" data-provider="LoginData" finished-at="2026-01-06T18:48:05 EST" duration-ms="820" status="PASS">
          <params>
            <param index="0">
              <value>
                <![CDATA[nona@yahoo.com]]>
              </value>
            </param>
            <param index="1">
              <value>
                <![CDATA[QWER!@#$]]>
              </value>
            </param>
          </params>
          <reporter-output>
          </reporter-output>
        </test-method> <!-- testLogin -->
        <test-method signature="testLogin(java.lang.String,java.lang.String)[pri:0, instance:testCases.TC02_Login@13ad5cd3]" started-at="2026-01-06T18:48:05 EST" name="testLogin" data-provider="LoginData" finished-at="2026-01-06T18:48:06 EST" duration-ms="766" status="PASS">
          <params>
            <param index="0">
              <value>
                <![CDATA[sid@cloudberry.services]]>
              </value>
            </param>
            <param index="1">
              <value>
                <![CDATA[Test123]]>
              </value>
            </param>
          </params>
          <reporter-output>
          </reporter-output>
        </test-method> <!-- testLogin -->
        <test-method signature="testLogin(java.lang.String,java.lang.String)[pri:0, instance:testCases.TC02_Login@13ad5cd3]" started-at="2026-01-06T18:48:06 EST" name="testLogin" data-provider="LoginData" finished-at="2026-01-06T18:48:07 EST" duration-ms="741" status="PASS">
          <params>
            <param index="0">
              <value>
                <![CDATA[apushedwoman@gmail.com]]>
              </value>
            </param>
            <param index="1">
              <value>
                <![CDATA[password123]]>
              </value>
            </param>
          </params>
          <reporter-output>
          </reporter-output>
        </test-method> <!-- testLogin -->
        <test-method signature="testLogin(java.lang.String,java.lang.String)[pri:0, instance:testCases.TC02_Login@13ad5cd3]" started-at="2026-01-06T18:48:07 EST" name="testLogin" data-provider="LoginData" finished-at="2026-01-06T18:48:07 EST" duration-ms="765" status="PASS">
          <params>
            <param index="0">
              <value>
                <![CDATA[hichamkhachiai@gmail.com]]>
              </value>
            </param>
            <param index="1">
              <value>
                <![CDATA[hicham123]]>
              </value>
            </param>
          </params>
          <reporter-output>
          </reporter-output>
        </test-method> <!-- testLogin -->
        <test-method is-config="true" signature="closeApp()[pri:0, instance:testCases.TC02_Login@13ad5cd3]" started-at="2026-01-06T18:48:07 EST" name="closeApp" finished-at="2026-01-06T18:48:07 EST" duration-ms="87" status="PASS">
          <reporter-output>
          </reporter-output>
        </test-method> <!-- closeApp -->
      </class> <!-- testCases.TC02_Login -->
      <class name="testCases.TC05_AddToWishList">
        <test-method is-config="true" signature="openApp(java.lang.String,java.lang.String)[pri:0, instance:testCases.TC05_AddToWishList@4f0100a7]" started-at="2026-01-06T18:47:50 EST" name="openApp" finished-at="2026-01-06T18:47:53 EST" duration-ms="2407" status="PASS">
          <params>
            <param index="0">
              <value>
                <![CDATA[mac]]>
              </value>
            </param>
            <param index="1">
              <value>
                <![CDATA[chrome]]>
              </value>
            </param>
          </params>
          <reporter-output>
          </reporter-output>
        </test-method> <!-- openApp -->
        <test-method signature="testAddToWishList()[pri:0, instance:testCases.TC05_AddToWishList@4f0100a7]" started-at="2026-01-06T18:47:53 EST" name="testAddToWishList" finished-at="2026-01-06T18:47:56 EST" duration-ms="2908" status="PASS">
          <reporter-output>
          </reporter-output>
        </test-method> <!-- testAddToWishList -->
        <test-method is-config="true" signature="closeApp()[pri:0, instance:testCases.TC05_AddToWishList@4f0100a7]" started-at="2026-01-06T18:47:56 EST" name="closeApp" finished-at="2026-01-06T18:47:56 EST" duration-ms="83" status="PASS">
          <reporter-output>
          </reporter-output>
        </test-method> <!-- closeApp -->
      </class> <!-- testCases.TC05_AddToWishList -->
      <class name="testCases.TC01_LaunchApplication">
        <test-method is-config="true" signature="openApp(java.lang.String,java.lang.String)[pri:0, instance:testCases.TC01_LaunchApplication@1603cd68]" started-at="2026-01-06T18:47:41 EST" name="openApp" finished-at="2026-01-06T18:47:46 EST" duration-ms="5050" status="PASS">
          <params>
            <param index="0">
              <value>
                <![CDATA[mac]]>
              </value>
            </param>
            <param index="1">
              <value>
                <![CDATA[chrome]]>
              </value>
            </param>
          </params>
          <reporter-output>
          </reporter-output>
        </test-method> <!-- openApp -->
        <test-method signature="testLauchApplication()[pri:0, instance:testCases.TC01_LaunchApplication@1603cd68]" started-at="2026-01-06T18:47:46 EST" name="testLauchApplication" finished-at="2026-01-06T18:47:46 EST" duration-ms="9" status="PASS">
          <reporter-output>
          </reporter-output>
        </test-method> <!-- testLauchApplication -->
        <test-method is-config="true" signature="closeApp()[pri:0, instance:testCases.TC01_LaunchApplication@1603cd68]" started-at="2026-01-06T18:47:46 EST" name="closeApp" finished-at="2026-01-06T18:47:46 EST" duration-ms="84" status="PASS">
          <reporter-output>
          </reporter-output>
        </test-method> <!-- closeApp -->
      </class> <!-- testCases.TC01_LaunchApplication -->
      <class name="testCases.TC03_AddToCart">
        <test-method is-config="true" signature="openApp(java.lang.String,java.lang.String)[pri:0, instance:testCases.TC03_AddToCart@332796d3]" started-at="2026-01-06T18:47:46 EST" name="openApp" finished-at="2026-01-06T18:47:48 EST" duration-ms="2625" status="PASS">
          <params>
            <param index="0">
              <value>
                <![CDATA[mac]]>
              </value>
            </param>
            <param index="1">
              <value>
                <![CDATA[chrome]]>
              </value>
            </param>
          </params>
          <reporter-output>
          </reporter-output>
        </test-method> <!-- openApp -->
        <test-method signature="testAddtoCart()[pri:0, instance:testCases.TC03_AddToCart@332796d3]" started-at="2026-01-06T18:47:48 EST" name="testAddtoCart" finished-at="2026-01-06T18:47:50 EST" duration-ms="2047" status="PASS">
          <reporter-output>
          </reporter-output>
        </test-method> <!-- testAddtoCart -->
        <test-method is-config="true" signature="closeApp()[pri:0, instance:testCases.TC03_AddToCart@332796d3]" started-at="2026-01-06T18:47:50 EST" name="closeApp" finished-at="2026-01-06T18:47:50 EST" duration-ms="83" status="PASS">
          <reporter-output>
          </reporter-output>
        </test-method> <!-- closeApp -->
      </class> <!-- testCases.TC03_AddToCart -->
      <class name="testCases.TC06_AddAffiliate">
        <test-method is-config="true" signature="openApp(java.lang.String,java.lang.String)[pri:0, instance:testCases.TC06_AddAffiliate@3cdf2c61]" started-at="2026-01-06T18:47:56 EST" name="openApp" finished-at="2026-01-06T18:47:58 EST" duration-ms="2544" status="PASS">
          <params>
            <param index="0">
              <value>
                <![CDATA[mac]]>
              </value>
            </param>
            <param index="1">
              <value>
                <![CDATA[chrome]]>
              </value>
            </param>
          </params>
          <reporter-output>
          </reporter-output>
        </test-method> <!-- openApp -->
        <test-method signature="testAddAffiliate()[pri:0, instance:testCases.TC06_AddAffiliate@3cdf2c61]" started-at="2026-01-06T18:47:58 EST" name="testAddAffiliate" finished-at="2026-01-06T18:48:00 EST" duration-ms="2006" status="PASS">
          <reporter-output>
          </reporter-output>
        </test-method> <!-- testAddAffiliate -->
        <test-method is-config="true" signature="closeApp()[pri:0, instance:testCases.TC06_AddAffiliate@3cdf2c61]" started-at="2026-01-06T18:48:00 EST" name="closeApp" finished-at="2026-01-06T18:48:00 EST" duration-ms="83" status="PASS">
          <reporter-output>
          </reporter-output>
        </test-method> <!-- closeApp -->
      </class> <!-- testCases.TC06_AddAffiliate -->
      <class name="testCases.TC04_CompletePurchase">
        <test-method is-config="true" signature="openApp(java.lang.String,java.lang.String)[pri:0, instance:testCases.TC04_CompletePurchase@1c33c17b]" started-at="2026-01-06T18:48:07 EST" name="openApp" finished-at="2026-01-06T18:48:10 EST" duration-ms="2325" status="PASS">
          <params>
            <param index="0">
              <value>
                <![CDATA[mac]]>
              </value>
            </param>
            <param index="1">
              <value>
                <![CDATA[chrome]]>
              </value>
            </param>
          </params>
          <reporter-output>
          </reporter-output>
        </test-method> <!-- openApp -->
        <test-method signature="testCompletePurchase()[pri:0, instance:testCases.TC04_CompletePurchase@1c33c17b]" started-at="2026-01-06T18:48:10 EST" name="testCompletePurchase" finished-at="2026-01-06T18:48:16 EST" duration-ms="6251" status="PASS">
          <reporter-output>
          </reporter-output>
        </test-method> <!-- testCompletePurchase -->
        <test-method is-config="true" signature="closeApp()[pri:0, instance:testCases.TC04_CompletePurchase@1c33c17b]" started-at="2026-01-06T18:48:16 EST" name="closeApp" finished-at="2026-01-06T18:48:16 EST" duration-ms="81" status="PASS">
          <reporter-output>
          </reporter-output>
        </test-method> <!-- closeApp -->
      </class> <!-- testCases.TC04_CompletePurchase -->
    </test> <!-- chrometest -->
    <test started-at="2026-01-06T18:47:40 EST" name="firefoxtest" finished-at="2026-01-06T18:48:16 EST" duration-ms="36015">
      <class name="testCases.TC02_Login">
        <test-method is-config="true" signature="openApp(java.lang.String,java.lang.String)[pri:0, instance:testCases.TC02_Login@39a2bb97]" started-at="2026-01-06T18:48:00 EST" name="openApp" finished-at="2026-01-06T18:48:03 EST" duration-ms="2690" status="PASS">
          <params>
            <param index="0">
              <value>
                <![CDATA[mac]]>
              </value>
            </param>
            <param index="1">
              <value>
                <![CDATA[firefox]]>
              </value>
            </param>
          </params>
          <reporter-output>
          </reporter-output>
        </test-method> <!-- openApp -->
        <test-method signature="testLogin(java.lang.String,java.lang.String)[pri:0, instance:testCases.TC02_Login@39a2bb97]" started-at="2026-01-06T18:48:03 EST" name="testLogin" data-provider="LoginData" finished-at="2026-01-06T18:48:04 EST" duration-ms="951" status="PASS">
          <params>
            <param index="0">
              <value>
                <![CDATA[smitasharma.qa@gmail.com]]>
              </value>
            </param>
            <param index="1">
              <value>
                <![CDATA[ss*QA123]]>
              </value>
            </param>
          </params>
          <reporter-output>
          </reporter-output>
        </test-method> <!-- testLogin -->
        <test-method signature="testLogin(java.lang.String,java.lang.String)[pri:0, instance:testCases.TC02_Login@39a2bb97]" started-at="2026-01-06T18:48:04 EST" name="testLogin" data-provider="LoginData" finished-at="2026-01-06T18:48:05 EST" duration-ms="751" status="PASS">
          <params>
            <param index="0">
              <value>
                <![CDATA[nona@yahoo.com]]>
              </value>
            </param>
            <param index="1">
              <value>
                <![CDATA[QWER!@#$]]>
              </value>
            </param>
          </params>
          <reporter-output>
          </reporter-output>
        </test-method> <!-- testLogin -->
        <test-method signature="testLogin(java.lang.String,java.lang.String)[pri:0, instance:testCases.TC02_Login@39a2bb97]" started-at="2026-01-06T18:48:05 EST" name="testLogin" data-provider="LoginData" finished-at="2026-01-06T18:48:06 EST" duration-ms="755" status="PASS">
          <params>
            <param index="0">
              <value>
                <![CDATA[sid@cloudberry.services]]>
              </value>
            </param>
            <param index="1">
              <value>
                <![CDATA[Test123]]>
              </value>
            </param>
          </params>
          <reporter-output>
          </reporter-output>
        </test-method> <!-- testLogin -->
        <test-method signature="testLogin(java.lang.String,java.lang.String)[pri:0, instance:testCases.TC02_Login@39a2bb97]" started-at="2026-01-06T18:48:06 EST" name="testLogin" data-provider="LoginData" finished-at="2026-01-06T18:48:06 EST" duration-ms="765" status="PASS">
          <params>
            <param index="0">
              <value>
                <![CDATA[apushedwoman@gmail.com]]>
              </value>
            </param>
            <param index="1">
              <value>
                <![CDATA[password123]]>
              </value>
            </param>
          </params>
          <reporter-output>
          </reporter-output>
        </test-method> <!-- testLogin -->
        <test-method signature="testLogin(java.lang.String,java.lang.String)[pri:0, instance:testCases.TC02_Login@39a2bb97]" started-at="2026-01-06T18:48:06 EST" name="testLogin" data-provider="LoginData" finished-at="2026-01-06T18:48:07 EST" duration-ms="769" status="PASS">
          <params>
            <param index="0">
              <value>
                <![CDATA[hichamkhachiai@gmail.com]]>
              </value>
            </param>
            <param index="1">
              <value>
                <![CDATA[hicham123]]>
              </value>
            </param>
          </params>
          <reporter-output>
          </reporter-output>
        </test-method> <!-- testLogin -->
        <test-method is-config="true" signature="closeApp()[pri:0, instance:testCases.TC02_Login@39a2bb97]" started-at="2026-01-06T18:48:07 EST" name="closeApp" finished-at="2026-01-06T18:48:08 EST" duration-ms="350" status="PASS">
          <reporter-output>
          </reporter-output>
        </test-method> <!-- closeApp -->
      </class> <!-- testCases.TC02_Login -->
      <class name="testCases.TC05_AddToWishList">
        <test-method is-config="true" signature="openApp(java.lang.String,java.lang.String)[pri:0, instance:testCases.TC05_AddToWishList@13330ac6]" started-at="2026-01-06T18:47:50 EST" name="openApp" finished-at="2026-01-06T18:47:52 EST" duration-ms="2776" status="PASS">
          <params>
            <param index="0">
              <value>
                <![CDATA[mac]]>
              </value>
            </param>
            <param index="1">
              <value>
                <![CDATA[firefox]]>
              </value>
            </param>
          </params>
          <reporter-output>
          </reporter-output>
        </test-method> <!-- openApp -->
        <test-method signature="testAddToWishList()[pri:0, instance:testCases.TC05_AddToWishList@13330ac6]" started-at="2026-01-06T18:47:52 EST" name="testAddToWishList" finished-at="2026-01-06T18:47:55 EST" duration-ms="2716" status="PASS">
          <reporter-output>
          </reporter-output>
        </test-method> <!-- testAddToWishList -->
        <test-method is-config="true" signature="closeApp()[pri:0, instance:testCases.TC05_AddToWishList@13330ac6]" started-at="2026-01-06T18:47:55 EST" name="closeApp" finished-at="2026-01-06T18:47:55 EST" duration-ms="349" status="PASS">
          <reporter-output>
          </reporter-output>
        </test-method> <!-- closeApp -->
      </class> <!-- testCases.TC05_AddToWishList -->
      <class name="testCases.TC01_LaunchApplication">
        <test-method is-config="true" signature="openApp(java.lang.String,java.lang.String)[pri:0, instance:testCases.TC01_LaunchApplication@1b84f475]" started-at="2026-01-06T18:47:41 EST" name="openApp" finished-at="2026-01-06T18:47:44 EST" duration-ms="3678" status="PASS">
          <params>
            <param index="0">
              <value>
                <![CDATA[mac]]>
              </value>
            </param>
            <param index="1">
              <value>
                <![CDATA[firefox]]>
              </value>
            </param>
          </params>
          <reporter-output>
          </reporter-output>
        </test-method> <!-- openApp -->
        <test-method signature="testLauchApplication()[pri:0, instance:testCases.TC01_LaunchApplication@1b84f475]" started-at="2026-01-06T18:47:44 EST" name="testLauchApplication" finished-at="2026-01-06T18:47:44 EST" duration-ms="19" status="PASS">
          <reporter-output>
          </reporter-output>
        </test-method> <!-- testLauchApplication -->
        <test-method is-config="true" signature="closeApp()[pri:0, instance:testCases.TC01_LaunchApplication@1b84f475]" started-at="2026-01-06T18:47:44 EST" name="closeApp" finished-at="2026-01-06T18:47:45 EST" duration-ms="356" status="PASS">
          <reporter-output>
          </reporter-output>
        </test-method> <!-- closeApp -->
      </class> <!-- testCases.TC01_LaunchApplication -->
      <class name="testCases.TC03_AddToCart">
        <test-method is-config="true" signature="openApp(java.lang.String,java.lang.String)[pri:0, instance:testCases.TC03_AddToCart@7749bf93]" started-at="2026-01-06T18:47:45 EST" name="openApp" finished-at="2026-01-06T18:47:47 EST" duration-ms="2809" status="PASS">
          <params>
            <param index="0">
              <value>
                <![CDATA[mac]]>
              </value>
            </param>
            <param index="1">
              <value>
                <![CDATA[firefox]]>
              </value>
            </param>
          </params>
          <reporter-output>
          </reporter-output>
        </test-method> <!-- openApp -->
        <test-method signature="testAddtoCart()[pri:0, instance:testCases.TC03_AddToCart@7749bf93]" started-at="2026-01-06T18:47:47 EST" name="testAddtoCart" finished-at="2026-01-06T18:47:49 EST" duration-ms="1912" status="PASS">
          <reporter-output>
          </reporter-output>
        </test-method> <!-- testAddtoCart -->
        <test-method is-config="true" signature="closeApp()[pri:0, instance:testCases.TC03_AddToCart@7749bf93]" started-at="2026-01-06T18:47:49 EST" name="closeApp" finished-at="2026-01-06T18:47:50 EST" duration-ms="342" status="PASS">
          <reporter-output>
          </reporter-output>
        </test-method> <!-- closeApp -->
      </class> <!-- testCases.TC03_AddToCart -->
      <class name="testCases.TC06_AddAffiliate">
        <test-method is-config="true" signature="openApp(java.lang.String,java.lang.String)[pri:0, instance:testCases.TC06_AddAffiliate@539d019]" started-at="2026-01-06T18:47:55 EST" name="openApp" finished-at="2026-01-06T18:47:58 EST" duration-ms="2651" status="PASS">
          <params>
            <param index="0">
              <value>
                <![CDATA[mac]]>
              </value>
            </param>
            <param index="1">
              <value>
                <![CDATA[firefox]]>
              </value>
            </param>
          </params>
          <reporter-output>
          </reporter-output>
        </test-method> <!-- openApp -->
        <test-method signature="testAddAffiliate()[pri:0, instance:testCases.TC06_AddAffiliate@539d019]" started-at="2026-01-06T18:47:58 EST" name="testAddAffiliate" finished-at="2026-01-06T18:48:00 EST" duration-ms="1866" status="PASS">
          <reporter-output>
          </reporter-output>
        </test-method> <!-- testAddAffiliate -->
        <test-method is-config="true" signature="closeApp()[pri:0, instance:testCases.TC06_AddAffiliate@539d019]" started-at="2026-01-06T18:48:00 EST" name="closeApp" finished-at="2026-01-06T18:48:00 EST" duration-ms="357" status="PASS">
          <reporter-output>
          </reporter-output>
        </test-method> <!-- closeApp -->
      </class> <!-- testCases.TC06_AddAffiliate -->
      <class name="testCases.TC04_CompletePurchase">
        <test-method is-config="true" signature="openApp(java.lang.String,java.lang.String)[pri:0, instance:testCases.TC04_CompletePurchase@3ad2e17]" started-at="2026-01-06T18:48:08 EST" name="openApp" finished-at="2026-01-06T18:48:10 EST" duration-ms="2714" status="PASS">
          <params>
            <param index="0">
              <value>
                <![CDATA[mac]]>
              </value>
            </param>
            <param index="1">
              <value>
                <![CDATA[firefox]]>
              </value>
            </param>
          </params>
          <reporter-output>
          </reporter-output>
        </test-method> <!-- openApp -->
        <test-method signature="testCompletePurchase()[pri:0, instance:testCases.TC04_CompletePurchase@3ad2e17]" started-at="2026-01-06T18:48:10 EST" name="testCompletePurchase" finished-at="2026-01-06T18:48:16 EST" duration-ms="5897" status="PASS">
          <reporter-output>
          </reporter-output>
        </test-method> <!-- testCompletePurchase -->
        <test-method is-config="true" signature="closeApp()[pri:0, instance:testCases.TC04_CompletePurchase@3ad2e17]" started-at="2026-01-06T18:48:16 EST" name="closeApp" finished-at="2026-01-06T18:48:16 EST" duration-ms="354" status="PASS">
          <reporter-output>
          </reporter-output>
        </test-method> <!-- closeApp -->
      </class> <!-- testCases.TC04_CompletePurchase -->
    </test> <!-- firefoxtest -->
    <test started-at="2026-01-06T18:47:40 EST" name="edgetest" finished-at="2026-01-06T18:48:55 EST" duration-ms="74333">
      <class name="testCases.TC02_Login">
        <test-method is-config="true" signature="openApp(java.lang.String,java.lang.String)[pri:0, instance:testCases.TC02_Login@5bf8fa12]" started-at="2026-01-06T18:48:40 EST" name="openApp" finished-at="2026-01-06T18:48:42 EST" duration-ms="2183" status="PASS">
          <params>
            <param index="0">
              <value>
                <![CDATA[mac]]>
              </value>
            </param>
            <param index="1">
              <value>
                <![CDATA[edge]]>
              </value>
            </param>
          </params>
          <reporter-output>
          </reporter-output>
        </test-method> <!-- openApp -->
        <test-method signature="testLogin(java.lang.String,java.lang.String)[pri:0, instance:testCases.TC02_Login@5bf8fa12]" started-at="2026-01-06T18:48:42 EST" name="testLogin" data-provider="LoginData" finished-at="2026-01-06T18:48:43 EST" duration-ms="1077" status="PASS">
          <params>
            <param index="0">
              <value>
                <![CDATA[smitasharma.qa@gmail.com]]>
              </value>
            </param>
            <param index="1">
              <value>
                <![CDATA[ss*QA123]]>
              </value>
            </param>
          </params>
          <reporter-output>
          </reporter-output>
        </test-method> <!-- testLogin -->
        <test-method signature="testLogin(java.lang.String,java.lang.String)[pri:0, instance:testCases.TC02_Login@5bf8fa12]" started-at="2026-01-06T18:48:43 EST" name="testLogin" data-provider="LoginData" finished-at="2026-01-06T18:48:44 EST" duration-ms="781" status="PASS">
          <params>
            <param index="0">
              <value>
                <![CDATA[nona@yahoo.com]]>
              </value>
            </param>
            <param index="1">
              <value>
                <![CDATA[QWER!@#$]]>
              </value>
            </param>
          </params>
          <reporter-output>
          </reporter-output>
        </test-method> <!-- testLogin -->
        <test-method signature="testLogin(java.lang.String,java.lang.String)[pri:0, instance:testCases.TC02_Login@5bf8fa12]" started-at="2026-01-06T18:48:44 EST" name="testLogin" data-provider="LoginData" finished-at="2026-01-06T18:48:45 EST" duration-ms="764" status="PASS">
          <params>
            <param index="0">
              <value>
                <![CDATA[sid@cloudberry.services]]>
              </value>
            </param>
            <param index="1">
              <value>
                <![CDATA[Test123]]>
              </value>
            </param>
          </params>
          <reporter-output>
          </reporter-output>
        </test-method> <!-- testLogin -->
        <test-method signature="testLogin(java.lang.String,java.lang.String)[pri:0, instance:testCases.TC02_Login@5bf8fa12]" started-at="2026-01-06T18:48:45 EST" name="testLogin" data-provider="LoginData" finished-at="2026-01-06T18:48:46 EST" duration-ms="753" status="PASS">
          <params>
            <param index="0">
              <value>
                <![CDATA[apushedwoman@gmail.com]]>
              </value>
            </param>
            <param index="1">
              <value>
                <![CDATA[password123]]>
              </value>
            </param>
          </params>
          <reporter-output>
          </reporter-output>
        </test-method> <!-- testLogin -->
        <test-method signature="testLogin(java.lang.String,java.lang.String)[pri:0, instance:testCases.TC02_Login@5bf8fa12]" started-at="2026-01-06T18:48:46 EST" name="testLogin" data-provider="LoginData" finished-at="2026-01-06T18:48:46 EST" duration-ms="911" status="PASS">
          <params>
            <param index="0">
              <value>
                <![CDATA[hichamkhachiai@gmail.com]]>
              </value>
            </param>
            <param index="1">
              <value>
                <![CDATA[hicham123]]>
              </value>
            </param>
          </params>
          <reporter-output>
          </reporter-output>
        </test-method> <!-- testLogin -->
        <test-method is-config="true" signature="closeApp()[pri:0, instance:testCases.TC02_Login@5bf8fa12]" started-at="2026-01-06T18:48:46 EST" name="closeApp" finished-at="2026-01-06T18:48:47 EST" duration-ms="90" status="PASS">
          <reporter-output>
          </reporter-output>
        </test-method> <!-- closeApp -->
      </class> <!-- testCases.TC02_Login -->
      <class name="testCases.TC05_AddToWishList">
        <test-method is-config="true" signature="openApp(java.lang.String,java.lang.String)[pri:0, instance:testCases.TC05_AddToWishList@554e218]" started-at="2026-01-06T18:48:30 EST" name="openApp" finished-at="2026-01-06T18:48:32 EST" duration-ms="2192" status="PASS">
          <params>
            <param index="0">
              <value>
                <![CDATA[mac]]>
              </value>
            </param>
            <param index="1">
              <value>
                <![CDATA[edge]]>
              </value>
            </param>
          </params>
          <reporter-output>
          </reporter-output>
        </test-method> <!-- openApp -->
        <test-method signature="testAddToWishList()[pri:0, instance:testCases.TC05_AddToWishList@554e218]" started-at="2026-01-06T18:48:32 EST" name="testAddToWishList" finished-at="2026-01-06T18:48:35 EST" duration-ms="3010" status="PASS">
          <reporter-output>
          </reporter-output>
        </test-method> <!-- testAddToWishList -->
        <test-method is-config="true" signature="closeApp()[pri:0, instance:testCases.TC05_AddToWishList@554e218]" started-at="2026-01-06T18:48:35 EST" name="closeApp" finished-at="2026-01-06T18:48:35 EST" duration-ms="89" status="PASS">
          <reporter-output>
          </reporter-output>
        </test-method> <!-- closeApp -->
      </class> <!-- testCases.TC05_AddToWishList -->
      <class name="testCases.TC01_LaunchApplication">
        <test-method is-config="true" signature="openApp(java.lang.String,java.lang.String)[pri:0, instance:testCases.TC01_LaunchApplication@4331d187]" started-at="2026-01-06T18:47:41 EST" name="openApp" finished-at="2026-01-06T18:48:25 EST" duration-ms="44420" status="PASS">
          <params>
            <param index="0">
              <value>
                <![CDATA[mac]]>
              </value>
            </param>
            <param index="1">
              <value>
                <![CDATA[edge]]>
              </value>
            </param>
          </params>
          <reporter-output>
          </reporter-output>
        </test-method> <!-- openApp -->
        <test-method signature="testLauchApplication()[pri:0, instance:testCases.TC01_LaunchApplication@4331d187]" started-at="2026-01-06T18:48:25 EST" name="testLauchApplication" finished-at="2026-01-06T18:48:25 EST" duration-ms="4" status="PASS">
          <reporter-output>
          </reporter-output>
        </test-method> <!-- testLauchApplication -->
        <test-method is-config="true" signature="closeApp()[pri:0, instance:testCases.TC01_LaunchApplication@4331d187]" started-at="2026-01-06T18:48:25 EST" name="closeApp" finished-at="2026-01-06T18:48:25 EST" duration-ms="81" status="PASS">
          <reporter-output>
          </reporter-output>
        </test-method> <!-- closeApp -->
      </class> <!-- testCases.TC01_LaunchApplication -->
      <class name="testCases.TC03_AddToCart">
        <test-method is-config="true" signature="openApp(java.lang.String,java.lang.String)[pri:0, instance:testCases.TC03_AddToCart@6f63b475]" started-at="2026-01-06T18:48:25 EST" name="openApp" finished-at="2026-01-06T18:48:28 EST" duration-ms="2828" status="PASS">
          <params>
            <param index="0">
              <value>
                <![CDATA[mac]]>
              </value>
            </param>
            <param index="1">
              <value>
                <![CDATA[edge]]>
              </value>
            </param>
          </params>
          <reporter-output>
          </reporter-output>
        </test-method> <!-- openApp -->
        <test-method signature="testAddtoCart()[pri:0, instance:testCases.TC03_AddToCart@6f63b475]" started-at="2026-01-06T18:48:28 EST" name="testAddtoCart" finished-at="2026-01-06T18:48:30 EST" duration-ms="2227" status="PASS">
          <reporter-output>
          </reporter-output>
        </test-method> <!-- testAddtoCart -->
        <test-method is-config="true" signature="closeApp()[pri:0, instance:testCases.TC03_AddToCart@6f63b475]" started-at="2026-01-06T18:48:30 EST" name="closeApp" finished-at="2026-01-06T18:48:30 EST" duration-ms="88" status="PASS">
          <reporter-output>
          </reporter-output>
        </test-method> <!-- closeApp -->
      </class> <!-- testCases.TC03_AddToCart -->
      <class name="testCases.TC06_AddAffiliate">
        <test-method is-config="true" signature="openApp(java.lang.String,java.lang.String)[pri:0, instance:testCases.TC06_AddAffiliate@1608bcbd]" started-at="2026-01-06T18:48:35 EST" name="openApp" finished-at="2026-01-06T18:48:38 EST" duration-ms="2320" status="PASS">
          <params>
            <param index="0">
              <value>
                <![CDATA[mac]]>
              </value>
            </param>
            <param index="1">
              <value>
                <![CDATA[edge]]>
              </value>
            </param>
          </params>
          <reporter-output>
          </reporter-output>
        </test-method> <!-- openApp -->
        <test-method signature="testAddAffiliate()[pri:0, instance:testCases.TC06_AddAffiliate@1608bcbd]" started-at="2026-01-06T18:48:38 EST" name="testAddAffiliate" finished-at="2026-01-06T18:48:40 EST" duration-ms="2060" status="PASS">
          <reporter-output>
          </reporter-output>
        </test-method> <!-- testAddAffiliate -->
        <test-method is-config="true" signature="closeApp()[pri:0, instance:testCases.TC06_AddAffiliate@1608bcbd]" started-at="2026-01-06T18:48:40 EST" name="closeApp" finished-at="2026-01-06T18:48:40 EST" duration-ms="89" status="PASS">
          <reporter-output>
          </reporter-output>
        </test-method> <!-- closeApp -->
      </class> <!-- testCases.TC06_AddAffiliate -->
      <class name="testCases.TC04_CompletePurchase">
        <test-method is-config="true" signature="openApp(java.lang.String,java.lang.String)[pri:0, instance:testCases.TC04_CompletePurchase@29ca3d04]" started-at="2026-01-06T18:48:47 EST" name="openApp" finished-at="2026-01-06T18:48:49 EST" duration-ms="2175" status="PASS">
          <params>
            <param index="0">
              <value>
                <![CDATA[mac]]>
              </value>
            </param>
            <param index="1">
              <value>
                <![CDATA[edge]]>
              </value>
            </param>
          </params>
          <reporter-output>
          </reporter-output>
        </test-method> <!-- openApp -->
        <test-method signature="testCompletePurchase()[pri:0, instance:testCases.TC04_CompletePurchase@29ca3d04]" started-at="2026-01-06T18:48:49 EST" name="testCompletePurchase" finished-at="2026-01-06T18:48:55 EST" duration-ms="5984" status="PASS">
          <reporter-output>
          </reporter-output>
        </test-method> <!-- testCompletePurchase -->
        <test-method is-config="true" signature="closeApp()[pri:0, instance:testCases.TC04_CompletePurchase@29ca3d04]" started-at="2026-01-06T18:48:55 EST" name="closeApp" finished-at="2026-01-06T18:48:55 EST" duration-ms="92" status="PASS">
          <reporter-output>
          </reporter-output>
        </test-method> <!-- closeApp -->
      </class> <!-- testCases.TC04_CompletePurchase -->
    </test> <!-- edgetest -->
  </suite> <!-- Suite -->
</testng-results>
