<?xml version="1.0" encoding="UTF-8"?>
<testng-results retried="2" ignored="0" total="32" passed="29" failed="1" skipped="0">
  <reporter-output>
  </reporter-output>
  <suite started-at="2026-01-05T13:05:50 EST" name="Suite" finished-at="2026-01-05T13:08:03 EST" duration-ms="132615">
    <groups>
      <group name="datadriven">
        <method signature="TC02_Login.testLogin(java.lang.String,java.lang.String)[pri:0, instance:testCases.TC02_Login@4748a0f9]" name="testLogin" class="testCases.TC02_Login"/>
        <method signature="TC02_Login.testLogin(java.lang.String,java.lang.String)[pri:0, instance:testCases.TC02_Login@45fd9a4d]" name="testLogin" class="testCases.TC02_Login"/>
        <method signature="TC02_Login.testLogin(java.lang.String,java.lang.String)[pri:0, instance:testCases.TC02_Login@16c63f5]" name="testLogin" class="testCases.TC02_Login"/>
      </group> <!-- datadriven -->
      <group name="regression">
        <method signature="TC01_LaunchApplication.testLauchApplication()[pri:0, instance:testCases.TC01_LaunchApplication@74bada02]" name="testLauchApplication" class="testCases.TC01_LaunchApplication"/>
        <method signature="TC02_Login.testLogin(java.lang.String,java.lang.String)[pri:0, instance:testCases.TC02_Login@4748a0f9]" name="testLogin" class="testCases.TC02_Login"/>
        <method signature="TC03_AddToCart.testAddtoCart()[pri:0, instance:testCases.TC03_AddToCart@53dbe163]" name="testAddtoCart" class="testCases.TC03_AddToCart"/>
        <method signature="TC04_CompletePurchase.testCompletePurchase()[pri:0, instance:testCases.TC04_CompletePurchase@4b14918a]" name="testCompletePurchase" class="testCases.TC04_CompletePurchase"/>
        <method signature="TC05_AddToWishList.testAddToWishList()[pri:0, instance:testCases.TC05_AddToWishList@db57326]" name="testAddToWishList" class="testCases.TC05_AddToWishList"/>
        <method signature="TC06_AddAffiliate.testAddAffiliate()[pri:0, instance:testCases.TC06_AddAffiliate@34a875b3]" name="testAddAffiliate" class="testCases.TC06_AddAffiliate"/>
        <method signature="TC01_LaunchApplication.testLauchApplication()[pri:0, instance:testCases.TC01_LaunchApplication@4ff4357f]" name="testLauchApplication" class="testCases.TC01_LaunchApplication"/>
        <method signature="TC02_Login.testLogin(java.lang.String,java.lang.String)[pri:0, instance:testCases.TC02_Login@45fd9a4d]" name="testLogin" class="testCases.TC02_Login"/>
        <method signature="TC03_AddToCart.testAddtoCart()[pri:0, instance:testCases.TC03_AddToCart@49cb9cb5]" name="testAddtoCart" class="testCases.TC03_AddToCart"/>
        <method signature="TC04_CompletePurchase.testCompletePurchase()[pri:0, instance:testCases.TC04_CompletePurchase@50468873]" name="testCompletePurchase" class="testCases.TC04_CompletePurchase"/>
        <method signature="TC05_AddToWishList.testAddToWishList()[pri:0, instance:testCases.TC05_AddToWishList@55322aab]" name="testAddToWishList" class="testCases.TC05_AddToWishList"/>
        <method signature="TC06_AddAffiliate.testAddAffiliate()[pri:0, instance:testCases.TC06_AddAffiliate@2b4c1d96]" name="testAddAffiliate" class="testCases.TC06_AddAffiliate"/>
        <method signature="TC01_LaunchApplication.testLauchApplication()[pri:0, instance:testCases.TC01_LaunchApplication@5f0e9815]" name="testLauchApplication" class="testCases.TC01_LaunchApplication"/>
        <method signature="TC02_Login.testLogin(java.lang.String,java.lang.String)[pri:0, instance:testCases.TC02_Login@16c63f5]" name="testLogin" class="testCases.TC02_Login"/>
        <method signature="TC03_AddToCart.testAddtoCart()[pri:0, instance:testCases.TC03_AddToCart@76884e4b]" name="testAddtoCart" class="testCases.TC03_AddToCart"/>
        <method signature="TC04_CompletePurchase.testCompletePurchase()[pri:0, instance:testCases.TC04_CompletePurchase@35229f85]" name="testCompletePurchase" class="testCases.TC04_CompletePurchase"/>
        <method signature="TC05_AddToWishList.testAddToWishList()[pri:0, instance:testCases.TC05_AddToWishList@126945f9]" name="testAddToWishList" class="testCases.TC05_AddToWishList"/>
        <method signature="TC06_AddAffiliate.testAddAffiliate()[pri:0, instance:testCases.TC06_AddAffiliate@2a898881]" name="testAddAffiliate" class="testCases.TC06_AddAffiliate"/>
      </group> <!-- regression -->
      <group name="sanity">
        <method signature="TC01_LaunchApplication.testLauchApplication()[pri:0, instance:testCases.TC01_LaunchApplication@74bada02]" name="testLauchApplication" class="testCases.TC01_LaunchApplication"/>
        <method signature="TC02_Login.testLogin(java.lang.String,java.lang.String)[pri:0, instance:testCases.TC02_Login@4748a0f9]" name="testLogin" class="testCases.TC02_Login"/>
        <method signature="TC03_AddToCart.testAddtoCart()[pri:0, instance:testCases.TC03_AddToCart@53dbe163]" name="testAddtoCart" class="testCases.TC03_AddToCart"/>
        <method signature="TC04_CompletePurchase.testCompletePurchase()[pri:0, instance:testCases.TC04_CompletePurchase@4b14918a]" name="testCompletePurchase" class="testCases.TC04_CompletePurchase"/>
        <method signature="TC01_LaunchApplication.testLauchApplication()[pri:0, instance:testCases.TC01_LaunchApplication@4ff4357f]" name="testLauchApplication" class="testCases.TC01_LaunchApplication"/>
        <method signature="TC02_Login.testLogin(java.lang.String,java.lang.String)[pri:0, instance:testCases.TC02_Login@45fd9a4d]" name="testLogin" class="testCases.TC02_Login"/>
        <method signature="TC03_AddToCart.testAddtoCart()[pri:0, instance:testCases.TC03_AddToCart@49cb9cb5]" name="testAddtoCart" class="testCases.TC03_AddToCart"/>
        <method signature="TC04_CompletePurchase.testCompletePurchase()[pri:0, instance:testCases.TC04_CompletePurchase@50468873]" name="testCompletePurchase" class="testCases.TC04_CompletePurchase"/>
        <method signature="TC01_LaunchApplication.testLauchApplication()[pri:0, instance:testCases.TC01_LaunchApplication@5f0e9815]" name="testLauchApplication" class="testCases.TC01_LaunchApplication"/>
        <method signature="TC02_Login.testLogin(java.lang.String,java.lang.String)[pri:0, instance:testCases.TC02_Login@16c63f5]" name="testLogin" class="testCases.TC02_Login"/>
        <method signature="TC03_AddToCart.testAddtoCart()[pri:0, instance:testCases.TC03_AddToCart@76884e4b]" name="testAddtoCart" class="testCases.TC03_AddToCart"/>
        <method signature="TC04_CompletePurchase.testCompletePurchase()[pri:0, instance:testCases.TC04_CompletePurchase@35229f85]" name="testCompletePurchase" class="testCases.TC04_CompletePurchase"/>
      </group> <!-- sanity -->
    </groups>
    <test started-at="2026-01-05T13:05:50 EST" name="firefoxtest" finished-at="2026-01-05T13:06:40 EST" duration-ms="50071">
      <class name="testCases.TC02_Login">
        <test-method is-config="true" signature="openApp(java.lang.String,java.lang.String)[pri:0, instance:testCases.TC02_Login@45fd9a4d]" started-at="2026-01-05T13:06:18 EST" name="openApp" finished-at="2026-01-05T13:06:23 EST" duration-ms="4554" status="PASS">
          <params>
            <param index="0">
              <value>
                <![CDATA[mac]]>
              </value>
            </param>
            <param index="1">
              <value>
                <![CDATA[firefox]]>
              </value>
            </param>
          </params>
          <reporter-output>
          </reporter-output>
        </test-method> <!-- openApp -->
        <test-method signature="testLogin(java.lang.String,java.lang.String)[pri:0, instance:testCases.TC02_Login@45fd9a4d]" started-at="2026-01-05T13:06:23 EST" name="testLogin" data-provider="LoginData" finished-at="2026-01-05T13:06:25 EST" duration-ms="1326" status="PASS">
          <params>
            <param index="0">
              <value>
                <![CDATA[smitasharma.qa@gmail.com]]>
              </value>
            </param>
            <param index="1">
              <value>
                <![CDATA[ss*QA123]]>
              </value>
            </param>
          </params>
          <reporter-output>
          </reporter-output>
        </test-method> <!-- testLogin -->
        <test-method signature="testLogin(java.lang.String,java.lang.String)[pri:0, instance:testCases.TC02_Login@45fd9a4d]" started-at="2026-01-05T13:06:25 EST" name="testLogin" data-provider="LoginData" finished-at="2026-01-05T13:06:26 EST" duration-ms="889" status="PASS">
          <params>
            <param index="0">
              <value>
                <![CDATA[nona@yahoo.com]]>
              </value>
            </param>
            <param index="1">
              <value>
                <![CDATA[QWER!@#$]]>
              </value>
            </param>
          </params>
          <reporter-output>
          </reporter-output>
        </test-method> <!-- testLogin -->
        <test-method signature="testLogin(java.lang.String,java.lang.String)[pri:0, instance:testCases.TC02_Login@45fd9a4d]" started-at="2026-01-05T13:06:26 EST" name="testLogin" data-provider="LoginData" finished-at="2026-01-05T13:06:27 EST" duration-ms="940" status="PASS">
          <params>
            <param index="0">
              <value>
                <![CDATA[sid@cloudberry.services]]>
              </value>
            </param>
            <param index="1">
              <value>
                <![CDATA[Test123]]>
              </value>
            </param>
          </params>
          <reporter-output>
          </reporter-output>
        </test-method> <!-- testLogin -->
        <test-method signature="testLogin(java.lang.String,java.lang.String)[pri:0, instance:testCases.TC02_Login@45fd9a4d]" started-at="2026-01-05T13:06:27 EST" name="testLogin" data-provider="LoginData" finished-at="2026-01-05T13:06:28 EST" duration-ms="912" status="PASS">
          <params>
            <param index="0">
              <value>
                <![CDATA[apushedwoman@gmail.com]]>
              </value>
            </param>
            <param index="1">
              <value>
                <![CDATA[password123]]>
              </value>
            </param>
          </params>
          <reporter-output>
          </reporter-output>
        </test-method> <!-- testLogin -->
        <test-method signature="testLogin(java.lang.String,java.lang.String)[pri:0, instance:testCases.TC02_Login@45fd9a4d]" started-at="2026-01-05T13:06:28 EST" name="testLogin" data-provider="LoginData" finished-at="2026-01-05T13:06:29 EST" duration-ms="1008" status="PASS">
          <params>
            <param index="0">
              <value>
                <![CDATA[hichamkhachiai@gmail.com]]>
              </value>
            </param>
            <param index="1">
              <value>
                <![CDATA[hicham123]]>
              </value>
            </param>
          </params>
          <reporter-output>
          </reporter-output>
        </test-method> <!-- testLogin -->
        <test-method is-config="true" signature="closeApp()[pri:0, instance:testCases.TC02_Login@45fd9a4d]" started-at="2026-01-05T13:06:29 EST" name="closeApp" finished-at="2026-01-05T13:06:29 EST" duration-ms="548" status="PASS">
          <reporter-output>
          </reporter-output>
        </test-method> <!-- closeApp -->
      </class> <!-- testCases.TC02_Login -->
      <class name="testCases.TC05_AddToWishList">
        <test-method is-config="true" signature="openApp(java.lang.String,java.lang.String)[pri:0, instance:testCases.TC05_AddToWishList@55322aab]" started-at="2026-01-05T13:06:03 EST" name="openApp" finished-at="2026-01-05T13:06:07 EST" duration-ms="4191" status="PASS">
          <params>
            <param index="0">
              <value>
                <![CDATA[mac]]>
              </value>
            </param>
            <param index="1">
              <value>
                <![CDATA[firefox]]>
              </value>
            </param>
          </params>
          <reporter-output>
          </reporter-output>
        </test-method> <!-- openApp -->
        <test-method signature="testAddToWishList()[pri:0, instance:testCases.TC05_AddToWishList@55322aab]" started-at="2026-01-05T13:06:07 EST" name="testAddToWishList" finished-at="2026-01-05T13:06:10 EST" duration-ms="3157" status="PASS">
          <reporter-output>
          </reporter-output>
        </test-method> <!-- testAddToWishList -->
        <test-method is-config="true" signature="closeApp()[pri:0, instance:testCases.TC05_AddToWishList@55322aab]" started-at="2026-01-05T13:06:10 EST" name="closeApp" finished-at="2026-01-05T13:06:11 EST" duration-ms="443" status="PASS">
          <reporter-output>
          </reporter-output>
        </test-method> <!-- closeApp -->
      </class> <!-- testCases.TC05_AddToWishList -->
      <class name="testCases.TC01_LaunchApplication">
        <test-method is-config="true" signature="openApp(java.lang.String,java.lang.String)[pri:0, instance:testCases.TC01_LaunchApplication@4ff4357f]" started-at="2026-01-05T13:05:50 EST" name="openApp" finished-at="2026-01-05T13:05:55 EST" duration-ms="4974" status="PASS">
          <params>
            <param index="0">
              <value>
                <![CDATA[mac]]>
              </value>
            </param>
            <param index="1">
              <value>
                <![CDATA[firefox]]>
              </value>
            </param>
          </params>
          <reporter-output>
          </reporter-output>
        </test-method> <!-- openApp -->
        <test-method signature="testLauchApplication()[pri:0, instance:testCases.TC01_LaunchApplication@4ff4357f]" started-at="2026-01-05T13:05:55 EST" name="testLauchApplication" finished-at="2026-01-05T13:05:55 EST" duration-ms="51" status="PASS">
          <reporter-output>
          </reporter-output>
        </test-method> <!-- testLauchApplication -->
        <test-method is-config="true" signature="closeApp()[pri:0, instance:testCases.TC01_LaunchApplication@4ff4357f]" started-at="2026-01-05T13:05:55 EST" name="closeApp" finished-at="2026-01-05T13:05:56 EST" duration-ms="609" status="PASS">
          <reporter-output>
          </reporter-output>
        </test-method> <!-- closeApp -->
      </class> <!-- testCases.TC01_LaunchApplication -->
      <class name="testCases.TC03_AddToCart">
        <test-method is-config="true" signature="openApp(java.lang.String,java.lang.String)[pri:0, instance:testCases.TC03_AddToCart@49cb9cb5]" started-at="2026-01-05T13:05:56 EST" name="openApp" finished-at="2026-01-05T13:06:00 EST" duration-ms="4645" status="PASS">
          <params>
            <param index="0">
              <value>
                <![CDATA[mac]]>
              </value>
            </param>
            <param index="1">
              <value>
                <![CDATA[firefox]]>
              </value>
            </param>
          </params>
          <reporter-output>
          </reporter-output>
        </test-method> <!-- openApp -->
        <test-method signature="testAddtoCart()[pri:0, instance:testCases.TC03_AddToCart@49cb9cb5]" started-at="2026-01-05T13:06:00 EST" name="testAddtoCart" finished-at="2026-01-05T13:06:03 EST" duration-ms="2134" status="PASS">
          <reporter-output>
          </reporter-output>
        </test-method> <!-- testAddtoCart -->
        <test-method is-config="true" signature="closeApp()[pri:0, instance:testCases.TC03_AddToCart@49cb9cb5]" started-at="2026-01-05T13:06:03 EST" name="closeApp" finished-at="2026-01-05T13:06:03 EST" duration-ms="444" status="PASS">
          <reporter-output>
          </reporter-output>
        </test-method> <!-- closeApp -->
      </class> <!-- testCases.TC03_AddToCart -->
      <class name="testCases.TC06_AddAffiliate">
        <test-method is-config="true" signature="openApp(java.lang.String,java.lang.String)[pri:0, instance:testCases.TC06_AddAffiliate@2b4c1d96]" started-at="2026-01-05T13:06:11 EST" name="openApp" finished-at="2026-01-05T13:06:15 EST" duration-ms="4279" status="PASS">
          <params>
            <param index="0">
              <value>
                <![CDATA[mac]]>
              </value>
            </param>
            <param index="1">
              <value>
                <![CDATA[firefox]]>
              </value>
            </param>
          </params>
          <reporter-output>
          </reporter-output>
        </test-method> <!-- openApp -->
        <test-method signature="testAddAffiliate()[pri:0, instance:testCases.TC06_AddAffiliate@2b4c1d96]" started-at="2026-01-05T13:06:15 EST" name="testAddAffiliate" finished-at="2026-01-05T13:06:17 EST" duration-ms="2272" status="PASS">
          <reporter-output>
          </reporter-output>
        </test-method> <!-- testAddAffiliate -->
        <test-method is-config="true" signature="closeApp()[pri:0, instance:testCases.TC06_AddAffiliate@2b4c1d96]" started-at="2026-01-05T13:06:17 EST" name="closeApp" finished-at="2026-01-05T13:06:18 EST" duration-ms="565" status="PASS">
          <reporter-output>
          </reporter-output>
        </test-method> <!-- closeApp -->
      </class> <!-- testCases.TC06_AddAffiliate -->
      <class name="testCases.TC04_CompletePurchase">
        <test-method is-config="true" signature="openApp(java.lang.String,java.lang.String)[pri:0, instance:testCases.TC04_CompletePurchase@50468873]" started-at="2026-01-05T13:06:29 EST" name="openApp" finished-at="2026-01-05T13:06:33 EST" duration-ms="4099" status="PASS">
          <params>
            <param index="0">
              <value>
                <![CDATA[mac]]>
              </value>
            </param>
            <param index="1">
              <value>
                <![CDATA[firefox]]>
              </value>
            </param>
          </params>
          <reporter-output>
          </reporter-output>
        </test-method> <!-- openApp -->
        <test-method signature="testCompletePurchase()[pri:0, instance:testCases.TC04_CompletePurchase@50468873]" started-at="2026-01-05T13:06:33 EST" name="testCompletePurchase" finished-at="2026-01-05T13:06:40 EST" duration-ms="6385" status="PASS">
          <reporter-output>
          </reporter-output>
        </test-method> <!-- testCompletePurchase -->
        <test-method is-config="true" signature="closeApp()[pri:0, instance:testCases.TC04_CompletePurchase@50468873]" started-at="2026-01-05T13:06:40 EST" name="closeApp" finished-at="2026-01-05T13:06:40 EST" duration-ms="435" status="PASS">
          <reporter-output>
          </reporter-output>
        </test-method> <!-- closeApp -->
      </class> <!-- testCases.TC04_CompletePurchase -->
    </test> <!-- firefoxtest -->
    <test started-at="2026-01-05T13:05:50 EST" name="chrometest" finished-at="2026-01-05T13:07:55 EST" duration-ms="125416">
      <class name="testCases.TC02_Login">
        <test-method is-config="true" signature="openApp(java.lang.String,java.lang.String)[pri:0, instance:testCases.TC02_Login@4748a0f9]" started-at="2026-01-05T13:07:22 EST" name="openApp" finished-at="2026-01-05T13:07:29 EST" duration-ms="7340" status="PASS">
          <params>
            <param index="0">
              <value>
                <![CDATA[mac]]>
              </value>
            </param>
            <param index="1">
              <value>
                <![CDATA[chrome]]>
              </value>
            </param>
          </params>
          <reporter-output>
          </reporter-output>
        </test-method> <!-- openApp -->
        <test-method signature="testLogin(java.lang.String,java.lang.String)[pri:0, instance:testCases.TC02_Login@4748a0f9]" started-at="2026-01-05T13:07:30 EST" name="testLogin" data-provider="LoginData" finished-at="2026-01-05T13:07:33 EST" duration-ms="3299" status="PASS">
          <params>
            <param index="0">
              <value>
                <![CDATA[smitasharma.qa@gmail.com]]>
              </value>
            </param>
            <param index="1">
              <value>
                <![CDATA[ss*QA123]]>
              </value>
            </param>
          </params>
          <reporter-output>
          </reporter-output>
        </test-method> <!-- testLogin -->
        <test-method signature="testLogin(java.lang.String,java.lang.String)[pri:0, instance:testCases.TC02_Login@4748a0f9]" started-at="2026-01-05T13:07:33 EST" name="testLogin" data-provider="LoginData" finished-at="2026-01-05T13:07:34 EST" duration-ms="1261" status="PASS">
          <params>
            <param index="0">
              <value>
                <![CDATA[nona@yahoo.com]]>
              </value>
            </param>
            <param index="1">
              <value>
                <![CDATA[QWER!@#$]]>
              </value>
            </param>
          </params>
          <reporter-output>
          </reporter-output>
        </test-method> <!-- testLogin -->
        <test-method signature="testLogin(java.lang.String,java.lang.String)[pri:0, instance:testCases.TC02_Login@4748a0f9]" started-at="2026-01-05T13:07:34 EST" name="testLogin" data-provider="LoginData" finished-at="2026-01-05T13:07:35 EST" duration-ms="923" status="PASS">
          <params>
            <param index="0">
              <value>
                <![CDATA[sid@cloudberry.services]]>
              </value>
            </param>
            <param index="1">
              <value>
                <![CDATA[Test123]]>
              </value>
            </param>
          </params>
          <reporter-output>
          </reporter-output>
        </test-method> <!-- testLogin -->
        <test-method signature="testLogin(java.lang.String,java.lang.String)[pri:0, instance:testCases.TC02_Login@4748a0f9]" started-at="2026-01-05T13:07:35 EST" name="testLogin" data-provider="LoginData" finished-at="2026-01-05T13:07:36 EST" duration-ms="901" status="PASS">
          <params>
            <param index="0">
              <value>
                <![CDATA[apushedwoman@gmail.com]]>
              </value>
            </param>
            <param index="1">
              <value>
                <![CDATA[password123]]>
              </value>
            </param>
          </params>
          <reporter-output>
          </reporter-output>
        </test-method> <!-- testLogin -->
        <test-method signature="testLogin(java.lang.String,java.lang.String)[pri:0, instance:testCases.TC02_Login@4748a0f9]" started-at="2026-01-05T13:07:36 EST" name="testLogin" data-provider="LoginData" finished-at="2026-01-05T13:07:37 EST" duration-ms="837" status="PASS">
          <params>
            <param index="0">
              <value>
                <![CDATA[hichamkhachiai@gmail.com]]>
              </value>
            </param>
            <param index="1">
              <value>
                <![CDATA[hicham123]]>
              </value>
            </param>
          </params>
          <reporter-output>
          </reporter-output>
        </test-method> <!-- testLogin -->
        <test-method is-config="true" signature="closeApp()[pri:0, instance:testCases.TC02_Login@4748a0f9]" started-at="2026-01-05T13:07:37 EST" name="closeApp" finished-at="2026-01-05T13:07:37 EST" duration-ms="89" status="PASS">
          <reporter-output>
          </reporter-output>
        </test-method> <!-- closeApp -->
      </class> <!-- testCases.TC02_Login -->
      <class name="testCases.TC05_AddToWishList">
        <test-method is-config="true" signature="openApp(java.lang.String,java.lang.String)[pri:0, instance:testCases.TC05_AddToWishList@db57326]" started-at="2026-01-05T13:06:14 EST" name="openApp" finished-at="2026-01-05T13:06:34 EST" duration-ms="20432" status="PASS">
          <params>
            <param index="0">
              <value>
                <![CDATA[mac]]>
              </value>
            </param>
            <param index="1">
              <value>
                <![CDATA[chrome]]>
              </value>
            </param>
          </params>
          <reporter-output>
          </reporter-output>
        </test-method> <!-- openApp -->
        <test-method retried="true" signature="testAddToWishList()[pri:0, instance:testCases.TC05_AddToWishList@db57326]" started-at="2026-01-05T13:06:34 EST" name="testAddToWishList" finished-at="2026-01-05T13:06:49 EST" duration-ms="15194" status="SKIP">
          <exception class="java.lang.AssertionError">
            <message>
              <![CDATA[Test failed due to exception: element not interactable
  (Session info: chrome=143.0.7499.170)
Build info: version: '4.38.0', revision: '6b412e825c*'
System info: os.name: 'Mac OS X', os.arch: 'x86_64', os.version: '15.6', java.version: '21.0.9'
Driver info: org.openqa.selenium.chrome.ChromeDriver
Command: [e5aff8c7334d7ae7ba619aeb27beb49c, clickElement {id=f.44A739587641B4F7BEB3145E68E84911.d.4BD8DBD1D2BA8227EC117AF9CDECFB7B.e.143}]
Capabilities {acceptInsecureCerts: false, browserName: chrome, browserVersion: 143.0.7499.170, chrome: {chromedriverVersion: 143.0.7499.169 (164b20aab62..., userDataDir: /var/folders/kr/fx9wd0q17hb...}, fedcm:accounts: true, goog:chromeOptions: {debuggerAddress: localhost:59666}, goog:processID: 26807, networkConnectionEnabled: false, pageLoadStrategy: normal, platformName: mac, proxy: Proxy(), se:cdp: ws://localhost:59666/devtoo..., se:cdpVersion: 143.0.7499.170, setWindowRect: true, strictFileInteractability: false, timeouts: {implicit: 0, pageLoad: 300000, script: 30000}, unhandledPromptBehavior: dismiss and notify, webauthn:extension:credBlob: true, webauthn:extension:largeBlob: true, webauthn:extension:minPinLength: true, webauthn:extension:prf: true, webauthn:virtualAuthenticators: true}
Element: [[ChromeDriver: chrome on mac (e5aff8c7334d7ae7ba619aeb27beb49c)] -> xpath: //a[normalize-space()='HP LP3065']]
Session ID: e5aff8c7334d7ae7ba619aeb27beb49c]]>
            </message>
            <full-stacktrace>
              <![CDATA[java.lang.AssertionError: Test failed due to exception: element not interactable
  (Session info: chrome=143.0.7499.170)
Build info: version: '4.38.0', revision: '6b412e825c*'
System info: os.name: 'Mac OS X', os.arch: 'x86_64', os.version: '15.6', java.version: '21.0.9'
Driver info: org.openqa.selenium.chrome.ChromeDriver
Command: [e5aff8c7334d7ae7ba619aeb27beb49c, clickElement {id=f.44A739587641B4F7BEB3145E68E84911.d.4BD8DBD1D2BA8227EC117AF9CDECFB7B.e.143}]
Capabilities {acceptInsecureCerts: false, browserName: chrome, browserVersion: 143.0.7499.170, chrome: {chromedriverVersion: 143.0.7499.169 (164b20aab62..., userDataDir: /var/folders/kr/fx9wd0q17hb...}, fedcm:accounts: true, goog:chromeOptions: {debuggerAddress: localhost:59666}, goog:processID: 26807, networkConnectionEnabled: false, pageLoadStrategy: normal, platformName: mac, proxy: Proxy(), se:cdp: ws://localhost:59666/devtoo..., se:cdpVersion: 143.0.7499.170, setWindowRect: true, strictFileInteractability: false, timeouts: {implicit: 0, pageLoad: 300000, script: 30000}, unhandledPromptBehavior: dismiss and notify, webauthn:extension:credBlob: true, webauthn:extension:largeBlob: true, webauthn:extension:minPinLength: true, webauthn:extension:prf: true, webauthn:virtualAuthenticators: true}
Element: [[ChromeDriver: chrome on mac (e5aff8c7334d7ae7ba619aeb27beb49c)] -> xpath: //a[normalize-space()='HP LP3065']]
Session ID: e5aff8c7334d7ae7ba619aeb27beb49c
at org.testng.Assert.fail(Assert.java:111)
at testCases.TC05_AddToWishList.testAddToWishList(TC05_AddToWishList.java:99)
at java.base/jdk.internal.reflect.DirectMethodHandleAccessor.invoke(DirectMethodHandleAccessor.java:103)
at java.base/java.lang.reflect.Method.invoke(Method.java:580)
at org.testng.internal.invokers.MethodInvocationHelper.invokeMethod(MethodInvocationHelper.java:141)
at org.testng.internal.invokers.TestInvoker.invokeMethod(TestInvoker.java:687)
at org.testng.internal.invokers.TestInvoker.invokeTestMethod(TestInvoker.java:230)
at org.testng.internal.invokers.MethodRunner.runInSequence(MethodRunner.java:63)
at org.testng.internal.invokers.TestInvoker$MethodInvocationAgent.invoke(TestInvoker.java:995)
at org.testng.internal.invokers.TestInvoker.invokeTestMethods(TestInvoker.java:203)
at org.testng.internal.invokers.TestMethodWorker.invokeTestMethods(TestMethodWorker.java:154)
at org.testng.internal.invokers.TestMethodWorker.run(TestMethodWorker.java:134)
at java.base/java.util.ArrayList.forEach(ArrayList.java:1596)
at org.testng.TestRunner.privateRun(TestRunner.java:741)
at org.testng.TestRunner.run(TestRunner.java:616)
at org.testng.SuiteRunner.runTest(SuiteRunner.java:421)
at org.testng.SuiteRunner$SuiteWorker.run(SuiteRunner.java:463)
at org.testng.internal.thread.ThreadUtil.lambda$execute$0(ThreadUtil.java:64)
at java.base/java.util.concurrent.FutureTask.run(FutureTask.java:317)
at java.base/java.util.concurrent.ThreadPoolExecutor.runWorker(ThreadPoolExecutor.java:1144)
at java.base/java.util.concurrent.ThreadPoolExecutor$Worker.run(ThreadPoolExecutor.java:642)
at java.base/java.lang.Thread.run(Thread.java:1583)
]]>
            </full-stacktrace>
          </exception> <!-- java.lang.AssertionError -->
          <reporter-output>
          </reporter-output>
        </test-method> <!-- testAddToWishList -->
        <test-method retried="true" signature="testAddToWishList()[pri:0, instance:testCases.TC05_AddToWishList@db57326]" started-at="2026-01-05T13:06:49 EST" name="testAddToWishList" finished-at="2026-01-05T13:07:00 EST" duration-ms="10294" status="SKIP">
          <exception class="java.lang.AssertionError">
            <message>
              <![CDATA[Test failed due to exception: no such element: Unable to locate element: {"method":"xpath","selector":"//a[normalize-space()='Login']"}
  (Session info: chrome=143.0.7499.170)
For documentation on this error, please visit: https://www.selenium.dev/documentation/webdriver/troubleshooting/errors#nosuchelementexception
Build info: version: '4.38.0', revision: '6b412e825c*'
System info: os.name: 'Mac OS X', os.arch: 'x86_64', os.version: '15.6', java.version: '21.0.9'
Driver info: org.openqa.selenium.chrome.ChromeDriver
Command: [e5aff8c7334d7ae7ba619aeb27beb49c, findElement {value=//a[normalize-space()='Login'], using=xpath}]
Capabilities {acceptInsecureCerts: false, browserName: chrome, browserVersion: 143.0.7499.170, chrome: {chromedriverVersion: 143.0.7499.169 (164b20aab62..., userDataDir: /var/folders/kr/fx9wd0q17hb...}, fedcm:accounts: true, goog:chromeOptions: {debuggerAddress: localhost:59666}, goog:processID: 26807, networkConnectionEnabled: false, pageLoadStrategy: normal, platformName: mac, proxy: Proxy(), se:cdp: ws://localhost:59666/devtoo..., se:cdpVersion: 143.0.7499.170, setWindowRect: true, strictFileInteractability: false, timeouts: {implicit: 0, pageLoad: 300000, script: 30000}, unhandledPromptBehavior: dismiss and notify, webauthn:extension:credBlob: true, webauthn:extension:largeBlob: true, webauthn:extension:minPinLength: true, webauthn:extension:prf: true, webauthn:virtualAuthenticators: true}
Session ID: e5aff8c7334d7ae7ba619aeb27beb49c]]>
            </message>
            <full-stacktrace>
              <![CDATA[java.lang.AssertionError: Test failed due to exception: no such element: Unable to locate element: {"method":"xpath","selector":"//a[normalize-space()='Login']"}
  (Session info: chrome=143.0.7499.170)
For documentation on this error, please visit: https://www.selenium.dev/documentation/webdriver/troubleshooting/errors#nosuchelementexception
Build info: version: '4.38.0', revision: '6b412e825c*'
System info: os.name: 'Mac OS X', os.arch: 'x86_64', os.version: '15.6', java.version: '21.0.9'
Driver info: org.openqa.selenium.chrome.ChromeDriver
Command: [e5aff8c7334d7ae7ba619aeb27beb49c, findElement {value=//a[normalize-space()='Login'], using=xpath}]
Capabilities {acceptInsecureCerts: false, browserName: chrome, browserVersion: 143.0.7499.170, chrome: {chromedriverVersion: 143.0.7499.169 (164b20aab62..., userDataDir: /var/folders/kr/fx9wd0q17hb...}, fedcm:accounts: true, goog:chromeOptions: {debuggerAddress: localhost:59666}, goog:processID: 26807, networkConnectionEnabled: false, pageLoadStrategy: normal, platformName: mac, proxy: Proxy(), se:cdp: ws://localhost:59666/devtoo..., se:cdpVersion: 143.0.7499.170, setWindowRect: true, strictFileInteractability: false, timeouts: {implicit: 0, pageLoad: 300000, script: 30000}, unhandledPromptBehavior: dismiss and notify, webauthn:extension:credBlob: true, webauthn:extension:largeBlob: true, webauthn:extension:minPinLength: true, webauthn:extension:prf: true, webauthn:virtualAuthenticators: true}
Session ID: e5aff8c7334d7ae7ba619aeb27beb49c
at org.testng.Assert.fail(Assert.java:111)
at testCases.TC05_AddToWishList.testAddToWishList(TC05_AddToWishList.java:99)
at java.base/jdk.internal.reflect.DirectMethodHandleAccessor.invoke(DirectMethodHandleAccessor.java:103)
at java.base/java.lang.reflect.Method.invoke(Method.java:580)
at org.testng.internal.invokers.MethodInvocationHelper.invokeMethod(MethodInvocationHelper.java:141)
at org.testng.internal.invokers.TestInvoker.invokeMethod(TestInvoker.java:687)
at org.testng.internal.invokers.TestInvoker.retryFailed(TestInvoker.java:269)
at org.testng.internal.invokers.MethodRunner.runInSequence(MethodRunner.java:76)
at org.testng.internal.invokers.TestInvoker$MethodInvocationAgent.invoke(TestInvoker.java:995)
at org.testng.internal.invokers.TestInvoker.invokeTestMethods(TestInvoker.java:203)
at org.testng.internal.invokers.TestMethodWorker.invokeTestMethods(TestMethodWorker.java:154)
at org.testng.internal.invokers.TestMethodWorker.run(TestMethodWorker.java:134)
at java.base/java.util.ArrayList.forEach(ArrayList.java:1596)
at org.testng.TestRunner.privateRun(TestRunner.java:741)
at org.testng.TestRunner.run(TestRunner.java:616)
at org.testng.SuiteRunner.runTest(SuiteRunner.java:421)
at org.testng.SuiteRunner$SuiteWorker.run(SuiteRunner.java:463)
at org.testng.internal.thread.ThreadUtil.lambda$execute$0(ThreadUtil.java:64)
at java.base/java.util.concurrent.FutureTask.run(FutureTask.java:317)
at java.base/java.util.concurrent.ThreadPoolExecutor.runWorker(ThreadPoolExecutor.java:1144)
at java.base/java.util.concurrent.ThreadPoolExecutor$Worker.run(ThreadPoolExecutor.java:642)
at java.base/java.lang.Thread.run(Thread.java:1583)
]]>
            </full-stacktrace>
          </exception> <!-- java.lang.AssertionError -->
          <reporter-output>
          </reporter-output>
        </test-method> <!-- testAddToWishList -->
        <test-method signature="testAddToWishList()[pri:0, instance:testCases.TC05_AddToWishList@db57326]" started-at="2026-01-05T13:07:00 EST" name="testAddToWishList" finished-at="2026-01-05T13:07:10 EST" duration-ms="10220" status="FAIL">
          <exception class="java.lang.AssertionError">
            <message>
              <![CDATA[Test failed due to exception: no such element: Unable to locate element: {"method":"xpath","selector":"//a[normalize-space()='Login']"}
  (Session info: chrome=143.0.7499.170)
For documentation on this error, please visit: https://www.selenium.dev/documentation/webdriver/troubleshooting/errors#nosuchelementexception
Build info: version: '4.38.0', revision: '6b412e825c*'
System info: os.name: 'Mac OS X', os.arch: 'x86_64', os.version: '15.6', java.version: '21.0.9'
Driver info: org.openqa.selenium.chrome.ChromeDriver
Command: [e5aff8c7334d7ae7ba619aeb27beb49c, findElement {value=//a[normalize-space()='Login'], using=xpath}]
Capabilities {acceptInsecureCerts: false, browserName: chrome, browserVersion: 143.0.7499.170, chrome: {chromedriverVersion: 143.0.7499.169 (164b20aab62..., userDataDir: /var/folders/kr/fx9wd0q17hb...}, fedcm:accounts: true, goog:chromeOptions: {debuggerAddress: localhost:59666}, goog:processID: 26807, networkConnectionEnabled: false, pageLoadStrategy: normal, platformName: mac, proxy: Proxy(), se:cdp: ws://localhost:59666/devtoo..., se:cdpVersion: 143.0.7499.170, setWindowRect: true, strictFileInteractability: false, timeouts: {implicit: 0, pageLoad: 300000, script: 30000}, unhandledPromptBehavior: dismiss and notify, webauthn:extension:credBlob: true, webauthn:extension:largeBlob: true, webauthn:extension:minPinLength: true, webauthn:extension:prf: true, webauthn:virtualAuthenticators: true}
Session ID: e5aff8c7334d7ae7ba619aeb27beb49c]]>
            </message>
            <full-stacktrace>
              <![CDATA[java.lang.AssertionError: Test failed due to exception: no such element: Unable to locate element: {"method":"xpath","selector":"//a[normalize-space()='Login']"}
  (Session info: chrome=143.0.7499.170)
For documentation on this error, please visit: https://www.selenium.dev/documentation/webdriver/troubleshooting/errors#nosuchelementexception
Build info: version: '4.38.0', revision: '6b412e825c*'
System info: os.name: 'Mac OS X', os.arch: 'x86_64', os.version: '15.6', java.version: '21.0.9'
Driver info: org.openqa.selenium.chrome.ChromeDriver
Command: [e5aff8c7334d7ae7ba619aeb27beb49c, findElement {value=//a[normalize-space()='Login'], using=xpath}]
Capabilities {acceptInsecureCerts: false, browserName: chrome, browserVersion: 143.0.7499.170, chrome: {chromedriverVersion: 143.0.7499.169 (164b20aab62..., userDataDir: /var/folders/kr/fx9wd0q17hb...}, fedcm:accounts: true, goog:chromeOptions: {debuggerAddress: localhost:59666}, goog:processID: 26807, networkConnectionEnabled: false, pageLoadStrategy: normal, platformName: mac, proxy: Proxy(), se:cdp: ws://localhost:59666/devtoo..., se:cdpVersion: 143.0.7499.170, setWindowRect: true, strictFileInteractability: false, timeouts: {implicit: 0, pageLoad: 300000, script: 30000}, unhandledPromptBehavior: dismiss and notify, webauthn:extension:credBlob: true, webauthn:extension:largeBlob: true, webauthn:extension:minPinLength: true, webauthn:extension:prf: true, webauthn:virtualAuthenticators: true}
Session ID: e5aff8c7334d7ae7ba619aeb27beb49c
at org.testng.Assert.fail(Assert.java:111)
at testCases.TC05_AddToWishList.testAddToWishList(TC05_AddToWishList.java:99)
at java.base/jdk.internal.reflect.DirectMethodHandleAccessor.invoke(DirectMethodHandleAccessor.java:103)
at java.base/java.lang.reflect.Method.invoke(Method.java:580)
at org.testng.internal.invokers.MethodInvocationHelper.invokeMethod(MethodInvocationHelper.java:141)
at org.testng.internal.invokers.TestInvoker.invokeMethod(TestInvoker.java:687)
at org.testng.internal.invokers.TestInvoker.retryFailed(TestInvoker.java:269)
at org.testng.internal.invokers.MethodRunner.runInSequence(MethodRunner.java:76)
at org.testng.internal.invokers.TestInvoker$MethodInvocationAgent.invoke(TestInvoker.java:995)
at org.testng.internal.invokers.TestInvoker.invokeTestMethods(TestInvoker.java:203)
at org.testng.internal.invokers.TestMethodWorker.invokeTestMethods(TestMethodWorker.java:154)
at org.testng.internal.invokers.TestMethodWorker.run(TestMethodWorker.java:134)
at java.base/java.util.ArrayList.forEach(ArrayList.java:1596)
at org.testng.TestRunner.privateRun(TestRunner.java:741)
at org.testng.TestRunner.run(TestRunner.java:616)
at org.testng.SuiteRunner.runTest(SuiteRunner.java:421)
at org.testng.SuiteRunner$SuiteWorker.run(SuiteRunner.java:463)
at org.testng.internal.thread.ThreadUtil.lambda$execute$0(ThreadUtil.java:64)
at java.base/java.util.concurrent.FutureTask.run(FutureTask.java:317)
at java.base/java.util.concurrent.ThreadPoolExecutor.runWorker(ThreadPoolExecutor.java:1144)
at java.base/java.util.concurrent.ThreadPoolExecutor$Worker.run(ThreadPoolExecutor.java:642)
at java.base/java.lang.Thread.run(Thread.java:1583)
]]>
            </full-stacktrace>
          </exception> <!-- java.lang.AssertionError -->
          <reporter-output>
          </reporter-output>
        </test-method> <!-- testAddToWishList -->
        <test-method is-config="true" signature="closeApp()[pri:0, instance:testCases.TC05_AddToWishList@db57326]" started-at="2026-01-05T13:07:10 EST" name="closeApp" finished-at="2026-01-05T13:07:10 EST" duration-ms="90" status="PASS">
          <reporter-output>
          </reporter-output>
        </test-method> <!-- closeApp -->
      </class> <!-- testCases.TC05_AddToWishList -->
      <class name="testCases.TC01_LaunchApplication">
        <test-method is-config="true" signature="openApp(java.lang.String,java.lang.String)[pri:0, instance:testCases.TC01_LaunchApplication@74bada02]" started-at="2026-01-05T13:05:50 EST" name="openApp" finished-at="2026-01-05T13:06:00 EST" duration-ms="9974" status="PASS">
          <params>
            <param index="0">
              <value>
                <![CDATA[mac]]>
              </value>
            </param>
            <param index="1">
              <value>
                <![CDATA[chrome]]>
              </value>
            </param>
          </params>
          <reporter-output>
          </reporter-output>
        </test-method> <!-- openApp -->
        <test-method signature="testLauchApplication()[pri:0, instance:testCases.TC01_LaunchApplication@74bada02]" started-at="2026-01-05T13:06:00 EST" name="testLauchApplication" finished-at="2026-01-05T13:06:00 EST" duration-ms="124" status="PASS">
          <reporter-output>
          </reporter-output>
        </test-method> <!-- testLauchApplication -->
        <test-method is-config="true" signature="closeApp()[pri:0, instance:testCases.TC01_LaunchApplication@74bada02]" started-at="2026-01-05T13:06:00 EST" name="closeApp" finished-at="2026-01-05T13:06:00 EST" duration-ms="111" status="PASS">
          <reporter-output>
          </reporter-output>
        </test-method> <!-- closeApp -->
      </class> <!-- testCases.TC01_LaunchApplication -->
      <class name="testCases.TC03_AddToCart">
        <test-method is-config="true" signature="openApp(java.lang.String,java.lang.String)[pri:0, instance:testCases.TC03_AddToCart@53dbe163]" started-at="2026-01-05T13:06:00 EST" name="openApp" finished-at="2026-01-05T13:06:08 EST" duration-ms="7788" status="PASS">
          <params>
            <param index="0">
              <value>
                <![CDATA[mac]]>
              </value>
            </param>
            <param index="1">
              <value>
                <![CDATA[chrome]]>
              </value>
            </param>
          </params>
          <reporter-output>
          </reporter-output>
        </test-method> <!-- openApp -->
        <test-method signature="testAddtoCart()[pri:0, instance:testCases.TC03_AddToCart@53dbe163]" started-at="2026-01-05T13:06:08 EST" name="testAddtoCart" finished-at="2026-01-05T13:06:14 EST" duration-ms="5578" status="PASS">
          <reporter-output>
          </reporter-output>
        </test-method> <!-- testAddtoCart -->
        <test-method is-config="true" signature="closeApp()[pri:0, instance:testCases.TC03_AddToCart@53dbe163]" started-at="2026-01-05T13:06:14 EST" name="closeApp" finished-at="2026-01-05T13:06:14 EST" duration-ms="94" status="PASS">
          <reporter-output>
          </reporter-output>
        </test-method> <!-- closeApp -->
      </class> <!-- testCases.TC03_AddToCart -->
      <class name="testCases.TC06_AddAffiliate">
        <test-method is-config="true" signature="openApp(java.lang.String,java.lang.String)[pri:0, instance:testCases.TC06_AddAffiliate@34a875b3]" started-at="2026-01-05T13:07:10 EST" name="openApp" finished-at="2026-01-05T13:07:18 EST" duration-ms="7078" status="PASS">
          <params>
            <param index="0">
              <value>
                <![CDATA[mac]]>
              </value>
            </param>
            <param index="1">
              <value>
                <![CDATA[chrome]]>
              </value>
            </param>
          </params>
          <reporter-output>
          </reporter-output>
        </test-method> <!-- openApp -->
        <test-method signature="testAddAffiliate()[pri:0, instance:testCases.TC06_AddAffiliate@34a875b3]" started-at="2026-01-05T13:07:18 EST" name="testAddAffiliate" finished-at="2026-01-05T13:07:22 EST" duration-ms="4447" status="PASS">
          <reporter-output>
          </reporter-output>
        </test-method> <!-- testAddAffiliate -->
        <test-method is-config="true" signature="closeApp()[pri:0, instance:testCases.TC06_AddAffiliate@34a875b3]" started-at="2026-01-05T13:07:22 EST" name="closeApp" finished-at="2026-01-05T13:07:22 EST" duration-ms="83" status="PASS">
          <reporter-output>
          </reporter-output>
        </test-method> <!-- closeApp -->
      </class> <!-- testCases.TC06_AddAffiliate -->
      <class name="testCases.TC04_CompletePurchase">
        <test-method is-config="true" signature="openApp(java.lang.String,java.lang.String)[pri:0, instance:testCases.TC04_CompletePurchase@4b14918a]" started-at="2026-01-05T13:07:37 EST" name="openApp" finished-at="2026-01-05T13:07:45 EST" duration-ms="7687" status="PASS">
          <params>
            <param index="0">
              <value>
                <![CDATA[mac]]>
              </value>
            </param>
            <param index="1">
              <value>
                <![CDATA[chrome]]>
              </value>
            </param>
          </params>
          <reporter-output>
          </reporter-output>
        </test-method> <!-- openApp -->
        <test-method signature="testCompletePurchase()[pri:0, instance:testCases.TC04_CompletePurchase@4b14918a]" started-at="2026-01-05T13:07:45 EST" name="testCompletePurchase" finished-at="2026-01-05T13:07:55 EST" duration-ms="10518" status="PASS">
          <reporter-output>
          </reporter-output>
        </test-method> <!-- testCompletePurchase -->
        <test-method is-config="true" signature="closeApp()[pri:0, instance:testCases.TC04_CompletePurchase@4b14918a]" started-at="2026-01-05T13:07:55 EST" name="closeApp" finished-at="2026-01-05T13:07:55 EST" duration-ms="94" status="PASS">
          <reporter-output>
          </reporter-output>
        </test-method> <!-- closeApp -->
      </class> <!-- testCases.TC04_CompletePurchase -->
    </test> <!-- chrometest -->
    <test started-at="2026-01-05T13:05:50 EST" name="edgetest" finished-at="2026-01-05T13:08:03 EST" duration-ms="132615">
      <class name="testCases.TC02_Login">
        <test-method is-config="true" signature="openApp(java.lang.String,java.lang.String)[pri:0, instance:testCases.TC02_Login@16c63f5]" started-at="2026-01-05T13:06:47 EST" name="openApp" finished-at="2026-01-05T13:07:29 EST" duration-ms="41350" status="PASS">
          <params>
            <param index="0">
              <value>
                <![CDATA[mac]]>
              </value>
            </param>
            <param index="1">
              <value>
                <![CDATA[edge]]>
              </value>
            </param>
          </params>
          <reporter-output>
          </reporter-output>
        </test-method> <!-- openApp -->
        <test-method signature="testLogin(java.lang.String,java.lang.String)[pri:0, instance:testCases.TC02_Login@16c63f5]" started-at="2026-01-05T13:07:29 EST" name="testLogin" data-provider="LoginData" finished-at="2026-01-05T13:07:43 EST" duration-ms="13963" status="PASS">
          <params>
            <param index="0">
              <value>
                <![CDATA[smitasharma.qa@gmail.com]]>
              </value>
            </param>
            <param index="1">
              <value>
                <![CDATA[ss*QA123]]>
              </value>
            </param>
          </params>
          <reporter-output>
          </reporter-output>
        </test-method> <!-- testLogin -->
        <test-method signature="testLogin(java.lang.String,java.lang.String)[pri:0, instance:testCases.TC02_Login@16c63f5]" started-at="2026-01-05T13:07:43 EST" name="testLogin" data-provider="LoginData" finished-at="2026-01-05T13:07:44 EST" duration-ms="917" status="PASS">
          <params>
            <param index="0">
              <value>
                <![CDATA[nona@yahoo.com]]>
              </value>
            </param>
            <param index="1">
              <value>
                <![CDATA[QWER!@#$]]>
              </value>
            </param>
          </params>
          <reporter-output>
          </reporter-output>
        </test-method> <!-- testLogin -->
        <test-method signature="testLogin(java.lang.String,java.lang.String)[pri:0, instance:testCases.TC02_Login@16c63f5]" started-at="2026-01-05T13:07:44 EST" name="testLogin" data-provider="LoginData" finished-at="2026-01-05T13:07:45 EST" duration-ms="847" status="PASS">
          <params>
            <param index="0">
              <value>
                <![CDATA[sid@cloudberry.services]]>
              </value>
            </param>
            <param index="1">
              <value>
                <![CDATA[Test123]]>
              </value>
            </param>
          </params>
          <reporter-output>
          </reporter-output>
        </test-method> <!-- testLogin -->
        <test-method signature="testLogin(java.lang.String,java.lang.String)[pri:0, instance:testCases.TC02_Login@16c63f5]" started-at="2026-01-05T13:07:45 EST" name="testLogin" data-provider="LoginData" finished-at="2026-01-05T13:07:46 EST" duration-ms="861" status="PASS">
          <params>
            <param index="0">
              <value>
                <![CDATA[apushedwoman@gmail.com]]>
              </value>
            </param>
            <param index="1">
              <value>
                <![CDATA[password123]]>
              </value>
            </param>
          </params>
          <reporter-output>
          </reporter-output>
        </test-method> <!-- testLogin -->
        <test-method signature="testLogin(java.lang.String,java.lang.String)[pri:0, instance:testCases.TC02_Login@16c63f5]" started-at="2026-01-05T13:07:46 EST" name="testLogin" data-provider="LoginData" finished-at="2026-01-05T13:07:47 EST" duration-ms="886" status="PASS">
          <params>
            <param index="0">
              <value>
                <![CDATA[hichamkhachiai@gmail.com]]>
              </value>
            </param>
            <param index="1">
              <value>
                <![CDATA[hicham123]]>
              </value>
            </param>
          </params>
          <reporter-output>
          </reporter-output>
        </test-method> <!-- testLogin -->
        <test-method is-config="true" signature="closeApp()[pri:0, instance:testCases.TC02_Login@16c63f5]" started-at="2026-01-05T13:07:47 EST" name="closeApp" finished-at="2026-01-05T13:07:47 EST" duration-ms="96" status="PASS">
          <reporter-output>
          </reporter-output>
        </test-method> <!-- closeApp -->
      </class> <!-- testCases.TC02_Login -->
      <class name="testCases.TC05_AddToWishList">
        <test-method is-config="true" signature="openApp(java.lang.String,java.lang.String)[pri:0, instance:testCases.TC05_AddToWishList@126945f9]" started-at="2026-01-05T13:06:13 EST" name="openApp" finished-at="2026-01-05T13:06:21 EST" duration-ms="8084" status="PASS">
          <params>
            <param index="0">
              <value>
                <![CDATA[mac]]>
              </value>
            </param>
            <param index="1">
              <value>
                <![CDATA[edge]]>
              </value>
            </param>
          </params>
          <reporter-output>
          </reporter-output>
        </test-method> <!-- openApp -->
        <test-method signature="testAddToWishList()[pri:0, instance:testCases.TC05_AddToWishList@126945f9]" started-at="2026-01-05T13:06:21 EST" name="testAddToWishList" finished-at="2026-01-05T13:06:26 EST" duration-ms="5339" status="PASS">
          <reporter-output>
          </reporter-output>
        </test-method> <!-- testAddToWishList -->
        <test-method is-config="true" signature="closeApp()[pri:0, instance:testCases.TC05_AddToWishList@126945f9]" started-at="2026-01-05T13:06:26 EST" name="closeApp" finished-at="2026-01-05T13:06:27 EST" duration-ms="92" status="PASS">
          <reporter-output>
          </reporter-output>
        </test-method> <!-- closeApp -->
      </class> <!-- testCases.TC05_AddToWishList -->
      <class name="testCases.TC01_LaunchApplication">
        <test-method is-config="true" signature="openApp(java.lang.String,java.lang.String)[pri:0, instance:testCases.TC01_LaunchApplication@5f0e9815]" started-at="2026-01-05T13:05:50 EST" name="openApp" finished-at="2026-01-05T13:06:01 EST" duration-ms="10527" status="PASS">
          <params>
            <param index="0">
              <value>
                <![CDATA[mac]]>
              </value>
            </param>
            <param index="1">
              <value>
                <![CDATA[edge]]>
              </value>
            </param>
          </params>
          <reporter-output>
          </reporter-output>
        </test-method> <!-- openApp -->
        <test-method signature="testLauchApplication()[pri:0, instance:testCases.TC01_LaunchApplication@5f0e9815]" started-at="2026-01-05T13:06:01 EST" name="testLauchApplication" finished-at="2026-01-05T13:06:01 EST" duration-ms="26" status="PASS">
          <reporter-output>
          </reporter-output>
        </test-method> <!-- testLauchApplication -->
        <test-method is-config="true" signature="closeApp()[pri:0, instance:testCases.TC01_LaunchApplication@5f0e9815]" started-at="2026-01-05T13:06:01 EST" name="closeApp" finished-at="2026-01-05T13:06:01 EST" duration-ms="90" status="PASS">
          <reporter-output>
          </reporter-output>
        </test-method> <!-- closeApp -->
      </class> <!-- testCases.TC01_LaunchApplication -->
      <class name="testCases.TC03_AddToCart">
        <test-method is-config="true" signature="openApp(java.lang.String,java.lang.String)[pri:0, instance:testCases.TC03_AddToCart@76884e4b]" started-at="2026-01-05T13:06:01 EST" name="openApp" finished-at="2026-01-05T13:06:09 EST" duration-ms="8089" status="PASS">
          <params>
            <param index="0">
              <value>
                <![CDATA[mac]]>
              </value>
            </param>
            <param index="1">
              <value>
                <![CDATA[edge]]>
              </value>
            </param>
          </params>
          <reporter-output>
          </reporter-output>
        </test-method> <!-- openApp -->
        <test-method signature="testAddtoCart()[pri:0, instance:testCases.TC03_AddToCart@76884e4b]" started-at="2026-01-05T13:06:09 EST" name="testAddtoCart" finished-at="2026-01-05T13:06:13 EST" duration-ms="4044" status="PASS">
          <reporter-output>
          </reporter-output>
        </test-method> <!-- testAddtoCart -->
        <test-method is-config="true" signature="closeApp()[pri:0, instance:testCases.TC03_AddToCart@76884e4b]" started-at="2026-01-05T13:06:13 EST" name="closeApp" finished-at="2026-01-05T13:06:13 EST" duration-ms="100" status="PASS">
          <reporter-output>
          </reporter-output>
        </test-method> <!-- closeApp -->
      </class> <!-- testCases.TC03_AddToCart -->
      <class name="testCases.TC06_AddAffiliate">
        <test-method is-config="true" signature="openApp(java.lang.String,java.lang.String)[pri:0, instance:testCases.TC06_AddAffiliate@2a898881]" started-at="2026-01-05T13:06:27 EST" name="openApp" finished-at="2026-01-05T13:06:44 EST" duration-ms="17021" status="PASS">
          <params>
            <param index="0">
              <value>
                <![CDATA[mac]]>
              </value>
            </param>
            <param index="1">
              <value>
                <![CDATA[edge]]>
              </value>
            </param>
          </params>
          <reporter-output>
          </reporter-output>
        </test-method> <!-- openApp -->
        <test-method signature="testAddAffiliate()[pri:0, instance:testCases.TC06_AddAffiliate@2a898881]" started-at="2026-01-05T13:06:44 EST" name="testAddAffiliate" finished-at="2026-01-05T13:06:47 EST" duration-ms="3680" status="PASS">
          <reporter-output>
          </reporter-output>
        </test-method> <!-- testAddAffiliate -->
        <test-method is-config="true" signature="closeApp()[pri:0, instance:testCases.TC06_AddAffiliate@2a898881]" started-at="2026-01-05T13:06:47 EST" name="closeApp" finished-at="2026-01-05T13:06:47 EST" duration-ms="99" status="PASS">
          <reporter-output>
          </reporter-output>
        </test-method> <!-- closeApp -->
      </class> <!-- testCases.TC06_AddAffiliate -->
      <class name="testCases.TC04_CompletePurchase">
        <test-method is-config="true" signature="openApp(java.lang.String,java.lang.String)[pri:0, instance:testCases.TC04_CompletePurchase@35229f85]" started-at="2026-01-05T13:07:47 EST" name="openApp" finished-at="2026-01-05T13:07:54 EST" duration-ms="7550" status="PASS">
          <params>
            <param index="0">
              <value>
                <![CDATA[mac]]>
              </value>
            </param>
            <param index="1">
              <value>
                <![CDATA[edge]]>
              </value>
            </param>
          </params>
          <reporter-output>
          </reporter-output>
        </test-method> <!-- openApp -->
        <test-method signature="testCompletePurchase()[pri:0, instance:testCases.TC04_CompletePurchase@35229f85]" started-at="2026-01-05T13:07:54 EST" name="testCompletePurchase" finished-at="2026-01-05T13:08:02 EST" duration-ms="8284" status="PASS">
          <reporter-output>
          </reporter-output>
        </test-method> <!-- testCompletePurchase -->
        <test-method is-config="true" signature="closeApp()[pri:0, instance:testCases.TC04_CompletePurchase@35229f85]" started-at="2026-01-05T13:08:02 EST" name="closeApp" finished-at="2026-01-05T13:08:03 EST" duration-ms="90" status="PASS">
          <reporter-output>
          </reporter-output>
        </test-method> <!-- closeApp -->
      </class> <!-- testCases.TC04_CompletePurchase -->
    </test> <!-- edgetest -->
  </suite> <!-- Suite -->
</testng-results>
