<?xml version="1.0" encoding="UTF-8"?>
<!-- Generated by org.testng.reporters.JUnitReportReporter -->
<testsuite hostname="Juliennes-MacBook-Air.local" failures="0" tests="3" name="testCases.TC03_AddToCart" time="11.756" errors="0" timestamp="2026-01-05T13:08:03 EST" skipped="0">
  <testcase classname="testCases.TC03_AddToCart" name="testAddtoCart" time="4.044"/>
  <testcase classname="testCases.TC03_AddToCart" name="testAddtoCart" time="5.578"/>
  <testcase classname="testCases.TC03_AddToCart" name="testAddtoCart" time="2.134"/>
</testsuite> <!-- testCases.TC03_AddToCart -->
