<?xml version="1.0" encoding="UTF-8"?>
<!-- Generated by org.testng.reporters.JUnitReportReporter -->
<testsuite hostname="Juliennes-MacBook-Air.local" failures="0" tests="3" name="testCases.TC06_AddAffiliate" time="10.399" errors="0" timestamp="2026-01-05T13:08:03 EST" skipped="0">
  <testcase classname="testCases.TC06_AddAffiliate" name="testAddAffiliate" time="3.680"/>
  <testcase classname="testCases.TC06_AddAffiliate" name="testAddAffiliate" time="2.272"/>
  <testcase classname="testCases.TC06_AddAffiliate" name="testAddAffiliate" time="4.447"/>
</testsuite> <!-- testCases.TC06_AddAffiliate -->
