<?xml version="1.0" encoding="UTF-8"?>
<!-- Generated by org.testng.reporters.JUnitReportReporter -->
<testsuite hostname="Juliennes-MacBook-Air.local" failures="0" tests="15" name="testCases.TC02_Login" time="29.770" errors="0" timestamp="2026-01-05T13:08:03 EST" skipped="0">
  <testcase classname="testCases.TC02_Login" name="testLogin" time="0.912"/>
  <testcase classname="testCases.TC02_Login" name="testLogin" time="0.837"/>
  <testcase classname="testCases.TC02_Login" name="testLogin" time="0.901"/>
  <testcase classname="testCases.TC02_Login" name="testLogin" time="1.326"/>
  <testcase classname="testCases.TC02_Login" name="testLogin" time="0.940"/>
  <testcase classname="testCases.TC02_Login" name="testLogin" time="0.886"/>
  <testcase classname="testCases.TC02_Login" name="testLogin" time="0.861"/>
  <testcase classname="testCases.TC02_Login" name="testLogin" time="0.923"/>
  <testcase classname="testCases.TC02_Login" name="testLogin" time="0.889"/>
  <testcase classname="testCases.TC02_Login" name="testLogin" time="3.299"/>
  <testcase classname="testCases.TC02_Login" name="testLogin" time="1.008"/>
  <testcase classname="testCases.TC02_Login" name="testLogin" time="1.261"/>
  <testcase classname="testCases.TC02_Login" name="testLogin" time="0.917"/>
  <testcase classname="testCases.TC02_Login" name="testLogin" time="13.963"/>
  <testcase classname="testCases.TC02_Login" name="testLogin" time="0.847"/>
</testsuite> <!-- testCases.TC02_Login -->
