<?xml version="1.0" encoding="UTF-8"?>
<!-- Generated by org.testng.reporters.JUnitReportReporter -->
<testsuite hostname="Juliennes-MacBook-Air.local" failures="0" tests="3" name="testCases.TC04_CompletePurchase" time="25.187" errors="0" timestamp="2026-01-05T13:08:03 EST" skipped="0">
  <testcase classname="testCases.TC04_CompletePurchase" name="testCompletePurchase" time="6.385"/>
  <testcase classname="testCases.TC04_CompletePurchase" name="testCompletePurchase" time="10.518"/>
  <testcase classname="testCases.TC04_CompletePurchase" name="testCompletePurchase" time="8.284"/>
</testsuite> <!-- testCases.TC04_CompletePurchase -->
