<?xml version="1.0" encoding="UTF-8"?>
<!-- Generated by org.testng.reporters.JUnitReportReporter -->
<testsuite hostname="Juliennes-MacBook-Air.local" failures="0" tests="3" name="testCases.TC01_LaunchApplication" time="0.201" errors="0" timestamp="2026-01-05T13:08:03 EST" skipped="0">
  <testcase classname="testCases.TC01_LaunchApplication" name="testLauchApplication" time="0.051"/>
  <testcase classname="testCases.TC01_LaunchApplication" name="testLauchApplication" time="0.026"/>
  <testcase classname="testCases.TC01_LaunchApplication" name="testLauchApplication" time="0.124"/>
</testsuite> <!-- testCases.TC01_LaunchApplication -->
