<?xml version="1.0" encoding="UTF-8"?>
<!-- Generated by org.testng.reporters.JUnitReportReporter -->
<testsuite hostname="Juliennes-MacBook-Air.local" failures="0" tests="3" name="testCases.TC03_AddToCart" time="6.186" errors="0" timestamp="2026-01-06T18:48:55 EST" skipped="0">
  <testcase classname="testCases.TC03_AddToCart" name="testAddtoCart" time="1.912"/>
  <testcase classname="testCases.TC03_AddToCart" name="testAddtoCart" time="2.227"/>
  <testcase classname="testCases.TC03_AddToCart" name="testAddtoCart" time="2.047"/>
</testsuite> <!-- testCases.TC03_AddToCart -->
