<?xml version="1.0" encoding="UTF-8"?>
<!-- Generated by org.testng.reporters.JUnitReportReporter -->
<testsuite hostname="Juliennes-MacBook-Air.local" failures="0" tests="15" name="testCases.TC02_Login" time="12.442" errors="0" timestamp="2026-01-06T18:48:55 EST" skipped="0">
  <testcase classname="testCases.TC02_Login" name="testLogin" time="1.077"/>
  <testcase classname="testCases.TC02_Login" name="testLogin" time="0.766"/>
  <testcase classname="testCases.TC02_Login" name="testLogin" time="0.764"/>
  <testcase classname="testCases.TC02_Login" name="testLogin" time="0.781"/>
  <testcase classname="testCases.TC02_Login" name="testLogin" time="0.751"/>
  <testcase classname="testCases.TC02_Login" name="testLogin" time="0.755"/>
  <testcase classname="testCases.TC02_Login" name="testLogin" time="0.753"/>
  <testcase classname="testCases.TC02_Login" name="testLogin" time="0.741"/>
  <testcase classname="testCases.TC02_Login" name="testLogin" time="0.769"/>
  <testcase classname="testCases.TC02_Login" name="testLogin" time="0.765"/>
  <testcase classname="testCases.TC02_Login" name="testLogin" time="0.820"/>
  <testcase classname="testCases.TC02_Login" name="testLogin" time="0.765"/>
  <testcase classname="testCases.TC02_Login" name="testLogin" time="0.951"/>
  <testcase classname="testCases.TC02_Login" name="testLogin" time="0.911"/>
  <testcase classname="testCases.TC02_Login" name="testLogin" time="1.073"/>
</testsuite> <!-- testCases.TC02_Login -->
