<?xml version="1.0" encoding="UTF-8"?>
<!-- Generated by org.testng.reporters.JUnitReportReporter -->
<testsuite hostname="Juliennes-MacBook-Air.local" failures="0" tests="3" name="testCases.TC04_CompletePurchase" time="18.132" errors="0" timestamp="2026-01-06T18:48:55 EST" skipped="0">
  <testcase classname="testCases.TC04_CompletePurchase" name="testCompletePurchase" time="5.897"/>
  <testcase classname="testCases.TC04_CompletePurchase" name="testCompletePurchase" time="6.251"/>
  <testcase classname="testCases.TC04_CompletePurchase" name="testCompletePurchase" time="5.984"/>
</testsuite> <!-- testCases.TC04_CompletePurchase -->
