<?xml version="1.0" encoding="UTF-8"?>
<!-- Generated by org.testng.reporters.JUnitReportReporter -->
<testsuite hostname="Juliennes-MacBook-Air.local" failures="0" tests="3" name="testCases.TC05_AddToWishList" time="8.634" errors="0" timestamp="2026-01-06T18:48:55 EST" skipped="0">
  <testcase classname="testCases.TC05_AddToWishList" name="testAddToWishList" time="2.716"/>
  <testcase classname="testCases.TC05_AddToWishList" name="testAddToWishList" time="3.010"/>
  <testcase classname="testCases.TC05_AddToWishList" name="testAddToWishList" time="2.908"/>
</testsuite> <!-- testCases.TC05_AddToWishList -->
