<?xml version="1.0" encoding="UTF-8"?>
<!-- Generated by org.testng.reporters.JUnitReportReporter -->
<testsuite hostname="Juliennes-MacBook-Air.local" failures="0" tests="3" name="testCases.TC01_LaunchApplication" time="0.032" errors="0" timestamp="2026-01-06T18:48:55 EST" skipped="0">
  <testcase classname="testCases.TC01_LaunchApplication" name="testLauchApplication" time="0.004"/>
  <testcase classname="testCases.TC01_LaunchApplication" name="testLauchApplication" time="0.009"/>
  <testcase classname="testCases.TC01_LaunchApplication" name="testLauchApplication" time="0.019"/>
</testsuite> <!-- testCases.TC01_LaunchApplication -->
