<?xml version="1.0" encoding="UTF-8"?>
<!-- Generated by org.testng.reporters.JUnitReportReporter -->
<testsuite hostname="Juliennes-MacBook-Air.local" failures="0" tests="3" name="testCases.TC06_AddAffiliate" time="5.932" errors="0" timestamp="2026-01-06T18:48:55 EST" skipped="0">
  <testcase classname="testCases.TC06_AddAffiliate" name="testAddAffiliate" time="1.866"/>
  <testcase classname="testCases.TC06_AddAffiliate" name="testAddAffiliate" time="2.060"/>
  <testcase classname="testCases.TC06_AddAffiliate" name="testAddAffiliate" time="2.006"/>
</testsuite> <!-- testCases.TC06_AddAffiliate -->
